{"C:\\workspace\\WS\\WS_UNI_CMS\\uni-cms\\src\\server\\app\\routes\\home.controller.ts": {"path":"C:\\workspace\\WS\\WS_UNI_CMS\\uni-cms\\src\\server\\app\\routes\\home.controller.ts","statementMap":{"0":{"start":{"line":1,"column":17},"end":{"line":6,"column":1}},"1":{"start":{"line":2,"column":12},"end":{"line":2,"column":28}},"2":{"start":{"line":2,"column":34},"end":{"line":2,"column":125}},"3":{"start":{"line":3,"column":4},"end":{"line":4,"column":150}},"4":{"start":{"line":3,"column":79},"end":{"line":3,"column":131}},"5":{"start":{"line":4,"column":9},"end":{"line":4,"column":150}},"6":{"start":{"line":4,"column":58},"end":{"line":4,"column":150}},"7":{"start":{"line":4,"column":81},"end":{"line":4,"column":150}},"8":{"start":{"line":5,"column":4},"end":{"line":5,"column":66}},"9":{"start":{"line":7,"column":17},"end":{"line":9,"column":1}},"10":{"start":{"line":8,"column":4},"end":{"line":8,"column":109}},"11":{"start":{"line":8,"column":79},"end":{"line":8,"column":109}},"12":{"start":{"line":12,"column":21},"end":{"line":16,"column":1}},"13":{"start":{"line":14,"column":8},"end":{"line":14,"column":31}},"14":{"start":{"line":17,"column":0},"end":{"line":23,"column":42}},"15":{"start":{"line":24,"column":0},"end":{"line":27,"column":19}}},"fnMap":{"0":{"name":"(anonymous_0)","decl":{"start":{"line":1,"column":46},"end":{"line":1,"column":47}},"loc":{"start":{"line":1,"column":87},"end":{"line":6,"column":1}},"line":1},"1":{"name":"(anonymous_1)","decl":{"start":{"line":7,"column":46},"end":{"line":7,"column":47}},"loc":{"start":{"line":7,"column":62},"end":{"line":9,"column":1}},"line":7},"2":{"name":"(anonymous_2)","decl":{"start":{"line":13,"column":4},"end":{"line":13,"column":5}},"loc":{"start":{"line":13,"column":10},"end":{"line":15,"column":5}},"line":13}},"branchMap":{"0":{"loc":{"start":{"line":1,"column":17},"end":{"line":6,"column":1}},"type":"binary-expr","locations":[{"start":{"line":1,"column":18},"end":{"line":1,"column":22}},{"start":{"line":1,"column":26},"end":{"line":1,"column":41}},{"start":{"line":1,"column":46},"end":{"line":6,"column":1}}],"line":1},"1":{"loc":{"start":{"line":2,"column":34},"end":{"line":2,"column":125}},"type":"cond-expr","locations":[{"start":{"line":2,"column":42},"end":{"line":2,"column":48}},{"start":{"line":2,"column":51},"end":{"line":2,"column":125}}],"line":2},"2":{"loc":{"start":{"line":2,"column":51},"end":{"line":2,"column":125}},"type":"cond-expr","locations":[{"start":{"line":2,"column":67},"end":{"line":2,"column":118}},{"start":{"line":2,"column":121},"end":{"line":2,"column":125}}],"line":2},"3":{"loc":{"start":{"line":3,"column":4},"end":{"line":4,"column":150}},"type":"if","locations":[{"start":{"line":3,"column":4},"end":{"line":4,"column":150}},{"start":{"line":3,"column":4},"end":{"line":4,"column":150}}],"line":3},"4":{"loc":{"start":{"line":3,"column":8},"end":{"line":3,"column":77}},"type":"binary-expr","locations":[{"start":{"line":3,"column":8},"end":{"line":3,"column":35}},{"start":{"line":3,"column":39},"end":{"line":3,"column":77}}],"line":3},"5":{"loc":{"start":{"line":4,"column":58},"end":{"line":4,"column":150}},"type":"if","locations":[{"start":{"line":4,"column":58},"end":{"line":4,"column":150}},{"start":{"line":4,"column":58},"end":{"line":4,"column":150}}],"line":4},"6":{"loc":{"start":{"line":4,"column":85},"end":{"line":4,"column":149}},"type":"binary-expr","locations":[{"start":{"line":4,"column":86},"end":{"line":4,"column":143}},{"start":{"line":4,"column":148},"end":{"line":4,"column":149}}],"line":4},"7":{"loc":{"start":{"line":4,"column":86},"end":{"line":4,"column":143}},"type":"cond-expr","locations":[{"start":{"line":4,"column":94},"end":{"line":4,"column":98}},{"start":{"line":4,"column":101},"end":{"line":4,"column":143}}],"line":4},"8":{"loc":{"start":{"line":4,"column":101},"end":{"line":4,"column":143}},"type":"cond-expr","locations":[{"start":{"line":4,"column":109},"end":{"line":4,"column":126}},{"start":{"line":4,"column":129},"end":{"line":4,"column":143}}],"line":4},"9":{"loc":{"start":{"line":5,"column":11},"end":{"line":5,"column":62}},"type":"binary-expr","locations":[{"start":{"line":5,"column":11},"end":{"line":5,"column":16}},{"start":{"line":5,"column":20},"end":{"line":5,"column":21}},{"start":{"line":5,"column":25},"end":{"line":5,"column":62}}],"line":5},"10":{"loc":{"start":{"line":7,"column":17},"end":{"line":9,"column":1}},"type":"binary-expr","locations":[{"start":{"line":7,"column":18},"end":{"line":7,"column":22}},{"start":{"line":7,"column":26},"end":{"line":7,"column":41}},{"start":{"line":7,"column":46},"end":{"line":9,"column":1}}],"line":7},"11":{"loc":{"start":{"line":8,"column":4},"end":{"line":8,"column":109}},"type":"if","locations":[{"start":{"line":8,"column":4},"end":{"line":8,"column":109}},{"start":{"line":8,"column":4},"end":{"line":8,"column":109}}],"line":8},"12":{"loc":{"start":{"line":8,"column":8},"end":{"line":8,"column":77}},"type":"binary-expr","locations":[{"start":{"line":8,"column":8},"end":{"line":8,"column":35}},{"start":{"line":8,"column":39},"end":{"line":8,"column":77}}],"line":8}},"s":{"0":1,"1":2,"2":2,"3":2,"4":2,"5":0,"6":0,"7":0,"8":2,"9":1,"10":3,"11":3,"12":1,"13":1,"14":1,"15":1},"f":{"0":2,"1":3,"2":1},"b":{"0":[1,0,1],"1":[1,1],"2":[1,0],"3":[2,0],"4":[2,2],"5":[0,0],"6":[0,0],"7":[0,0],"8":[0,0],"9":[2,1,1],"10":[1,0,1],"11":[3,0],"12":[3,3]},"inputSourceMap":{"version":3,"file":"home.controller.js","sourceRoot":"","sources":["home.controller.ts"],"names":[],"mappings":";;;;;;;;;AAAA,OAAO,EAAE,UAAU,EAAE,MAAM,iBAAiB,CAAC;AAC7C,OAAO,EAAE,UAAU,EAAE,GAAG,EAAE,QAAQ,EAAE,UAAU,EAAE,MAAM,gBAAgB,CAAC;AAIvE,IAAa,cAAc,GAA3B,MAAa,cAAc;IAIlB,GAAG;QACR,OAAO,eAAe,CAAC;IACzB,CAAC;CACF,CAAA;AAHC;IAFC,GAAG,CAAC,EAAE,CAAC;IACP,QAAQ,CAAC,UAAU,CAAC,EAAE,CAAC;;;;yCAGvB;AANU,cAAc;IAF1B,UAAU,CAAC,EAAE,CAAC;IACd,UAAU,CAAC,EAAE,CAAC;GACF,cAAc,CAO1B;SAPY,cAAc","sourcesContent":["import { ApiUseTags } from '@nestjs/swagger';\nimport { Controller, Get, HttpCode, HttpStatus } from '@nestjs/common';\n\n@ApiUseTags('')\n@Controller('')\nexport class HomeController {\n\n  @Get('')\n  @HttpCode(HttpStatus.OK)\n  public get() {\n    return \"Hello world !\";\n  }\n}\n"]},"_coverageSchema":"332fd63041d2c1bcb487cc26dd0d5f7d97098a6c","hash":"c33e70165f2c1906e868b06c71a2e092c442a069"}
,"C:\\workspace\\WS\\WS_UNI_CMS\\uni-cms\\src\\server\\app\\routes\\page.controller.spec.ts": {"path":"C:\\workspace\\WS\\WS_UNI_CMS\\uni-cms\\src\\server\\app\\routes\\page.controller.spec.ts","statementMap":{"0":{"start":{"line":1,"column":16},"end":{"line":8,"column":1}},"1":{"start":{"line":2,"column":4},"end":{"line":7,"column":7}},"2":{"start":{"line":3,"column":36},"end":{"line":3,"column":97}},"3":{"start":{"line":3,"column":42},"end":{"line":3,"column":70}},"4":{"start":{"line":3,"column":85},"end":{"line":3,"column":95}},"5":{"start":{"line":4,"column":35},"end":{"line":4,"column":100}},"6":{"start":{"line":4,"column":41},"end":{"line":4,"column":73}},"7":{"start":{"line":4,"column":88},"end":{"line":4,"column":98}},"8":{"start":{"line":5,"column":32},"end":{"line":5,"column":149}},"9":{"start":{"line":5,"column":97},"end":{"line":5,"column":119}},"10":{"start":{"line":6,"column":8},"end":{"line":6,"column":78}},"11":{"start":{"line":11,"column":0},"end":{"line":26,"column":3}},"12":{"start":{"line":13,"column":4},"end":{"line":19,"column":8}},"13":{"start":{"line":13,"column":20},"end":{"line":19,"column":6}},"14":{"start":{"line":14,"column":8},"end":{"line":18,"column":21}},"15":{"start":{"line":20,"column":4},"end":{"line":25,"column":7}},"16":{"start":{"line":21,"column":8},"end":{"line":24,"column":11}},"17":{"start":{"line":22,"column":35},"end":{"line":22,"column":58}},"18":{"start":{"line":23,"column":12},"end":{"line":23,"column":63}}},"fnMap":{"0":{"name":"(anonymous_0)","decl":{"start":{"line":1,"column":44},"end":{"line":1,"column":45}},"loc":{"start":{"line":1,"column":89},"end":{"line":8,"column":1}},"line":1},"1":{"name":"(anonymous_1)","decl":{"start":{"line":2,"column":36},"end":{"line":2,"column":37}},"loc":{"start":{"line":2,"column":63},"end":{"line":7,"column":5}},"line":2},"2":{"name":"fulfilled","decl":{"start":{"line":3,"column":17},"end":{"line":3,"column":26}},"loc":{"start":{"line":3,"column":34},"end":{"line":3,"column":99}},"line":3},"3":{"name":"rejected","decl":{"start":{"line":4,"column":17},"end":{"line":4,"column":25}},"loc":{"start":{"line":4,"column":33},"end":{"line":4,"column":102}},"line":4},"4":{"name":"step","decl":{"start":{"line":5,"column":17},"end":{"line":5,"column":21}},"loc":{"start":{"line":5,"column":30},"end":{"line":5,"column":151}},"line":5},"5":{"name":"(anonymous_5)","decl":{"start":{"line":5,"column":76},"end":{"line":5,"column":77}},"loc":{"start":{"line":5,"column":95},"end":{"line":5,"column":121}},"line":5},"6":{"name":"(anonymous_6)","decl":{"start":{"line":11,"column":27},"end":{"line":11,"column":28}},"loc":{"start":{"line":11,"column":33},"end":{"line":26,"column":1}},"line":11},"7":{"name":"(anonymous_7)","decl":{"start":{"line":13,"column":14},"end":{"line":13,"column":15}},"loc":{"start":{"line":13,"column":20},"end":{"line":19,"column":6}},"line":13},"8":{"name":"(anonymous_8)","decl":{"start":{"line":13,"column":52},"end":{"line":13,"column":53}},"loc":{"start":{"line":13,"column":65},"end":{"line":19,"column":5}},"line":13},"9":{"name":"(anonymous_9)","decl":{"start":{"line":20,"column":21},"end":{"line":20,"column":22}},"loc":{"start":{"line":20,"column":27},"end":{"line":25,"column":5}},"line":20},"10":{"name":"(anonymous_10)","decl":{"start":{"line":21,"column":44},"end":{"line":21,"column":45}},"loc":{"start":{"line":21,"column":50},"end":{"line":24,"column":9}},"line":21}},"branchMap":{"0":{"loc":{"start":{"line":1,"column":16},"end":{"line":8,"column":1}},"type":"binary-expr","locations":[{"start":{"line":1,"column":17},"end":{"line":1,"column":21}},{"start":{"line":1,"column":25},"end":{"line":1,"column":39}},{"start":{"line":1,"column":44},"end":{"line":8,"column":1}}],"line":1},"1":{"loc":{"start":{"line":2,"column":16},"end":{"line":2,"column":34}},"type":"binary-expr","locations":[{"start":{"line":2,"column":16},"end":{"line":2,"column":17}},{"start":{"line":2,"column":22},"end":{"line":2,"column":33}}],"line":2},"2":{"loc":{"start":{"line":5,"column":32},"end":{"line":5,"column":148}},"type":"cond-expr","locations":[{"start":{"line":5,"column":46},"end":{"line":5,"column":67}},{"start":{"line":5,"column":70},"end":{"line":5,"column":148}}],"line":5},"3":{"loc":{"start":{"line":6,"column":51},"end":{"line":6,"column":67}},"type":"binary-expr","locations":[{"start":{"line":6,"column":51},"end":{"line":6,"column":61}},{"start":{"line":6,"column":65},"end":{"line":6,"column":67}}],"line":6}},"s":{"0":1,"1":1,"2":1,"3":1,"4":0,"5":0,"6":0,"7":0,"8":2,"9":1,"10":1,"11":1,"12":1,"13":1,"14":1,"15":1,"16":1,"17":1,"18":1},"f":{"0":1,"1":1,"2":1,"3":0,"4":2,"5":1,"6":1,"7":1,"8":1,"9":1,"10":1},"b":{"0":[1,0,1],"1":[1,1],"2":[1,1],"3":[1,1]},"inputSourceMap":{"version":3,"file":"page.controller.spec.js","sourceRoot":"","sources":["page.controller.spec.ts"],"names":[],"mappings":";;;;;;;;AAAA,OAAO,EAAE,IAAI,EAAiB,MAAM,iBAAiB,CAAC;AACtD,OAAO,EAAE,cAAc,EAAE,MAAM,mBAAmB,CAAC;AAInD,QAAQ,CAAC,gBAAgB,EAAE,GAAG,EAAE;IAC9B,IAAI,GAAkB,CAAC;IAEvB,SAAS,CAAC,GAAS,EAAE;QACnB,GAAG,GAAG,MAAM,IAAI,CAAC,mBAAmB,CAAC;YACnC,OAAO,EAAE,EAAE;YACX,WAAW,EAAG,CAAC,cAAc,CAAC;YAC9B,SAAS,EAAE,EAAE;SACd,CAAC,CAAC,OAAO,EAAE,CAAC;IACf,CAAC,CAAA,CAAC,CAAC;IAEH,QAAQ,CAAC,MAAM,EAAE,GAAG,EAAE;QACpB,EAAE,CAAC,+BAA+B,EAAE,GAAG,EAAE;YACvC,MAAM,cAAc,GAAG,GAAG,CAAC,GAAG,CAAiB,cAAc,CAAC,CAAC;YAC/D,MAAM,CAAC,cAAc,CAAC,GAAG,EAAE,CAAC,CAAC,IAAI,CAAC,eAAe,CAAC,CAAC;QACrD,CAAC,CAAC,CAAC;IACL,CAAC,CAAC,CAAC;AACL,CAAC,CAAC,CAAC","sourcesContent":["import { Test, TestingModule } from '@nestjs/testing';\nimport { HomeController } from './home.controller';\nimport { RoutesModule } from '../routes/routes.modules';\nimport { AppModule } from '../app.module';\n\ndescribe('PageController', () => {\n  let app: TestingModule;\n\n  beforeAll(async () => {\n    app = await Test.createTestingModule({\n      imports: [],\n      controllers : [HomeController],\n      providers: [],\n    }).compile();\n  });\n\n  describe('root', () => {\n    it('should return \"Hello World !\"', () => {\n      const homeController = app.get<HomeController>(HomeController);\n      expect(homeController.get()).toBe('Hello world !');\n    });\n  });\n});\n"]},"_coverageSchema":"332fd63041d2c1bcb487cc26dd0d5f7d97098a6c","hash":"2d98ac66785e5196ec4dab925423540caafe465f"}
}
