{"C:\\workspace\\WS\\WS_UNI_CMS\\univ-cms\\src\\server\\app\\app.module.ts": {"path":"C:\\workspace\\WS\\WS_UNI_CMS\\univ-cms\\src\\server\\app\\app.module.ts","statementMap":{"0":{"start":{"line":1,"column":17},"end":{"line":6,"column":1}},"1":{"start":{"line":2,"column":12},"end":{"line":2,"column":28}},"2":{"start":{"line":2,"column":34},"end":{"line":2,"column":125}},"3":{"start":{"line":3,"column":4},"end":{"line":4,"column":150}},"4":{"start":{"line":3,"column":79},"end":{"line":3,"column":131}},"5":{"start":{"line":4,"column":9},"end":{"line":4,"column":150}},"6":{"start":{"line":4,"column":58},"end":{"line":4,"column":150}},"7":{"start":{"line":4,"column":81},"end":{"line":4,"column":150}},"8":{"start":{"line":5,"column":4},"end":{"line":5,"column":66}},"9":{"start":{"line":18,"column":16},"end":{"line":24,"column":1}},"10":{"start":{"line":20,"column":8},"end":{"line":22,"column":11}},"11":{"start":{"line":25,"column":0},"end":{"line":53,"column":14}}},"fnMap":{"0":{"name":"(anonymous_0)","decl":{"start":{"line":1,"column":46},"end":{"line":1,"column":47}},"loc":{"start":{"line":1,"column":87},"end":{"line":6,"column":1}},"line":1},"1":{"name":"(anonymous_1)","decl":{"start":{"line":19,"column":4},"end":{"line":19,"column":5}},"loc":{"start":{"line":19,"column":24},"end":{"line":23,"column":5}},"line":19}},"branchMap":{"0":{"loc":{"start":{"line":1,"column":17},"end":{"line":6,"column":1}},"type":"binary-expr","locations":[{"start":{"line":1,"column":18},"end":{"line":1,"column":22}},{"start":{"line":1,"column":26},"end":{"line":1,"column":41}},{"start":{"line":1,"column":46},"end":{"line":6,"column":1}}],"line":1},"1":{"loc":{"start":{"line":2,"column":34},"end":{"line":2,"column":125}},"type":"cond-expr","locations":[{"start":{"line":2,"column":42},"end":{"line":2,"column":48}},{"start":{"line":2,"column":51},"end":{"line":2,"column":125}}],"line":2},"2":{"loc":{"start":{"line":2,"column":51},"end":{"line":2,"column":125}},"type":"cond-expr","locations":[{"start":{"line":2,"column":67},"end":{"line":2,"column":118}},{"start":{"line":2,"column":121},"end":{"line":2,"column":125}}],"line":2},"3":{"loc":{"start":{"line":3,"column":4},"end":{"line":4,"column":150}},"type":"if","locations":[{"start":{"line":3,"column":4},"end":{"line":4,"column":150}},{"start":{"line":3,"column":4},"end":{"line":4,"column":150}}],"line":3},"4":{"loc":{"start":{"line":3,"column":8},"end":{"line":3,"column":77}},"type":"binary-expr","locations":[{"start":{"line":3,"column":8},"end":{"line":3,"column":35}},{"start":{"line":3,"column":39},"end":{"line":3,"column":77}}],"line":3},"5":{"loc":{"start":{"line":4,"column":58},"end":{"line":4,"column":150}},"type":"if","locations":[{"start":{"line":4,"column":58},"end":{"line":4,"column":150}},{"start":{"line":4,"column":58},"end":{"line":4,"column":150}}],"line":4},"6":{"loc":{"start":{"line":4,"column":85},"end":{"line":4,"column":149}},"type":"binary-expr","locations":[{"start":{"line":4,"column":86},"end":{"line":4,"column":143}},{"start":{"line":4,"column":148},"end":{"line":4,"column":149}}],"line":4},"7":{"loc":{"start":{"line":4,"column":86},"end":{"line":4,"column":143}},"type":"cond-expr","locations":[{"start":{"line":4,"column":94},"end":{"line":4,"column":98}},{"start":{"line":4,"column":101},"end":{"line":4,"column":143}}],"line":4},"8":{"loc":{"start":{"line":4,"column":101},"end":{"line":4,"column":143}},"type":"cond-expr","locations":[{"start":{"line":4,"column":109},"end":{"line":4,"column":126}},{"start":{"line":4,"column":129},"end":{"line":4,"column":143}}],"line":4},"9":{"loc":{"start":{"line":5,"column":11},"end":{"line":5,"column":62}},"type":"binary-expr","locations":[{"start":{"line":5,"column":11},"end":{"line":5,"column":16}},{"start":{"line":5,"column":20},"end":{"line":5,"column":21}},{"start":{"line":5,"column":25},"end":{"line":5,"column":62}}],"line":5}},"s":{"0":1,"1":1,"2":1,"3":1,"4":1,"5":0,"6":0,"7":0,"8":1,"9":1,"10":1,"11":1},"f":{"0":1,"1":1},"b":{"0":[1,0,1],"1":[1,0],"2":[0,0],"3":[1,0],"4":[1,1],"5":[0,0],"6":[0,0],"7":[0,0],"8":[0,0],"9":[1,0,0]},"inputSourceMap":{"version":3,"file":"app.module.js","sourceRoot":"","sources":["app.module.ts"],"names":[],"mappings":";;;;;;AAAA,OAAO,EAAE,MAAM,EAAsB,aAAa,EAAE,MAAM,gBAAgB,CAAC;AAC3E,OAAO,EAAE,WAAW,EAAE,MAAM,yBAAyB,CAAC;AACtD,OAAO,EAAE,SAAS,EAAE,MAAM,+BAA+B,CAAC;AAC1D,OAAO,EAAE,yBAAyB,EAAE,MAAM,8CAA8C,CAAC;AACzF,OAAO,EAAE,wBAAwB,EAAE,MAAM,+CAA+C,CAAC;AACzF,OAAO,EAAE,UAAU,EAAE,SAAS,EAAE,MAAM,cAAc,CAAC;AACrD,OAAO,EAAE,cAAc,EAAE,MAAM,4BAA4B,CAAC;AAC5D,OAAO,EAAE,WAAW,EAAE,MAAM,yBAAyB,CAAC;AACtD,OAAO,EAAE,YAAY,EAAE,MAAM,yBAAyB,CAAC;AACvD,OAAO,EAAE,aAAa,EAAE,MAAM,iBAAiB,CAAC;AAChD,OAAO,EAAE,MAAM,EAAE,MAAM,iBAAiB,CAAC;AA4BzC,IAAa,SAAS,GAAtB;IACE,SAAS,CAAC,QAA4B;QACpC,QAAQ,CAAC,KAAK,CAAC,cAAc,CAAC,CAAC,SAAS,CAAC;YACvC,IAAI,EAAE,GAAG,EAAE,MAAM,EAAE,aAAa,CAAC,GAAG;SACrC,CAAC,CAAC;IACL,CAAC;CACF,CAAA;AANY,SAAS;IA1BrB,MAAM,CAAC;QACN,OAAO,EAAE,CAAC,YAAY,EAAE,aAAa,CAAC,OAAO,CAAC;gBAC5C,IAAI,EAAE,SAAS;gBACf,IAAI,EAAE,MAAM,CAAC,GAAG,EAAE,CAAC,SAAS;gBAC5B,IAAI,EAAE,MAAM,CAAC,GAAG,EAAE,CAAC,UAAU;gBAC7B,QAAQ,EAAG,UAAU;gBACrB,QAAQ,EAAE,CAAC,oBAAoB,CAAC;gBAChC,WAAW,EAAE,IAAI;aAClB,CAAC,CAAC;QACH,WAAW,EAAE,EAAE;QACf,SAAS,EAAE;YACT,WAAW;YACX,WAAW;YACX;gBACE,OAAO,EAAE,SAAS;gBAClB,QAAQ,EAAE,SAAS;aACpB;YACD;gBACE,OAAO,EAAE,UAAU;gBACnB,QAAQ,EAAE,yBAAyB;aACpC;YACD;gBACE,OAAO,EAAE,UAAU;gBACnB,QAAQ,EAAE,wBAAwB;aACnC;SAAC;KACL,CAAC;GACW,SAAS,CAMrB;SANY,SAAS","sourcesContent":["import { Module, MiddlewareConsumer, RequestMethod } from '@nestjs/common';\nimport { JwtStrategy } from './security/jwt.strategy';\nimport { AuthGuard } from './security/guards/auth.guards';\nimport { FunctionalExceptionFilter } from './common/exception/function-exception.filter';\nimport { TechnicalExceptionFilter } from './common/exception/technical-exception.filter';\nimport { APP_FILTER, APP_GUARD } from '@nestjs/core';\nimport { AuthMiddleware } from './security/auth.middleware';\nimport { AuthService } from './security/auth.service';\nimport { RoutesModule } from './routes/routes.modules';\nimport { TypeOrmModule } from '@nestjs/typeorm';\nimport { Config } from './config/config';\n\n@Module({\n  imports: [RoutesModule, TypeOrmModule.forRoot({\n    type: 'mongodb',\n    host: Config.get().MONGO_URL,\n    port: Config.get().MONGO_PORT,\n    database : 'univ-cms',\n    entities: ['src/**/*.entity.ts'],\n    synchronize: true,\n  })],\n  controllers: [],\n  providers: [\n    AuthService,\n    JwtStrategy,\n    {\n      provide: APP_GUARD,\n      useClass: AuthGuard,\n    },\n    {\n      provide: APP_FILTER,\n      useClass: FunctionalExceptionFilter,\n    },\n    {\n      provide: APP_FILTER,\n      useClass: TechnicalExceptionFilter,\n    }],\n})\nexport class AppModule {\n  configure(consumer: MiddlewareConsumer) {\n    consumer.apply(AuthMiddleware).forRoutes({\n      path: '*', method: RequestMethod.ALL,\n    });\n  }\n}\n"]},"_coverageSchema":"332fd63041d2c1bcb487cc26dd0d5f7d97098a6c","hash":"a27490a2a05772acce0ff0abe02db964f74e126e"}
,"C:\\workspace\\WS\\WS_UNI_CMS\\univ-cms\\src\\server\\app\\common\\exception\\function-exception.filter.ts": {"path":"C:\\workspace\\WS\\WS_UNI_CMS\\univ-cms\\src\\server\\app\\common\\exception\\function-exception.filter.ts","statementMap":{"0":{"start":{"line":1,"column":17},"end":{"line":6,"column":1}},"1":{"start":{"line":2,"column":12},"end":{"line":2,"column":28}},"2":{"start":{"line":2,"column":34},"end":{"line":2,"column":125}},"3":{"start":{"line":3,"column":4},"end":{"line":4,"column":150}},"4":{"start":{"line":3,"column":79},"end":{"line":3,"column":131}},"5":{"start":{"line":4,"column":9},"end":{"line":4,"column":150}},"6":{"start":{"line":4,"column":58},"end":{"line":4,"column":150}},"7":{"start":{"line":4,"column":81},"end":{"line":4,"column":150}},"8":{"start":{"line":5,"column":4},"end":{"line":5,"column":66}},"9":{"start":{"line":10,"column":32},"end":{"line":30,"column":1}},"10":{"start":{"line":12,"column":8},"end":{"line":12,"column":60}},"11":{"start":{"line":15,"column":20},"end":{"line":15,"column":39}},"12":{"start":{"line":16,"column":25},"end":{"line":16,"column":42}},"13":{"start":{"line":17,"column":24},"end":{"line":17,"column":40}},"14":{"start":{"line":18,"column":23},"end":{"line":18,"column":39}},"15":{"start":{"line":19,"column":8},"end":{"line":19,"column":70}},"16":{"start":{"line":20,"column":8},"end":{"line":28,"column":11}},"17":{"start":{"line":31,"column":0},"end":{"line":33,"column":30}}},"fnMap":{"0":{"name":"(anonymous_0)","decl":{"start":{"line":1,"column":46},"end":{"line":1,"column":47}},"loc":{"start":{"line":1,"column":87},"end":{"line":6,"column":1}},"line":1},"1":{"name":"(anonymous_1)","decl":{"start":{"line":11,"column":4},"end":{"line":11,"column":5}},"loc":{"start":{"line":11,"column":18},"end":{"line":13,"column":5}},"line":11},"2":{"name":"(anonymous_2)","decl":{"start":{"line":14,"column":4},"end":{"line":14,"column":5}},"loc":{"start":{"line":14,"column":27},"end":{"line":29,"column":5}},"line":14}},"branchMap":{"0":{"loc":{"start":{"line":1,"column":17},"end":{"line":6,"column":1}},"type":"binary-expr","locations":[{"start":{"line":1,"column":18},"end":{"line":1,"column":22}},{"start":{"line":1,"column":26},"end":{"line":1,"column":41}},{"start":{"line":1,"column":46},"end":{"line":6,"column":1}}],"line":1},"1":{"loc":{"start":{"line":2,"column":34},"end":{"line":2,"column":125}},"type":"cond-expr","locations":[{"start":{"line":2,"column":42},"end":{"line":2,"column":48}},{"start":{"line":2,"column":51},"end":{"line":2,"column":125}}],"line":2},"2":{"loc":{"start":{"line":2,"column":51},"end":{"line":2,"column":125}},"type":"cond-expr","locations":[{"start":{"line":2,"column":67},"end":{"line":2,"column":118}},{"start":{"line":2,"column":121},"end":{"line":2,"column":125}}],"line":2},"3":{"loc":{"start":{"line":3,"column":4},"end":{"line":4,"column":150}},"type":"if","locations":[{"start":{"line":3,"column":4},"end":{"line":4,"column":150}},{"start":{"line":3,"column":4},"end":{"line":4,"column":150}}],"line":3},"4":{"loc":{"start":{"line":3,"column":8},"end":{"line":3,"column":77}},"type":"binary-expr","locations":[{"start":{"line":3,"column":8},"end":{"line":3,"column":35}},{"start":{"line":3,"column":39},"end":{"line":3,"column":77}}],"line":3},"5":{"loc":{"start":{"line":4,"column":58},"end":{"line":4,"column":150}},"type":"if","locations":[{"start":{"line":4,"column":58},"end":{"line":4,"column":150}},{"start":{"line":4,"column":58},"end":{"line":4,"column":150}}],"line":4},"6":{"loc":{"start":{"line":4,"column":85},"end":{"line":4,"column":149}},"type":"binary-expr","locations":[{"start":{"line":4,"column":86},"end":{"line":4,"column":143}},{"start":{"line":4,"column":148},"end":{"line":4,"column":149}}],"line":4},"7":{"loc":{"start":{"line":4,"column":86},"end":{"line":4,"column":143}},"type":"cond-expr","locations":[{"start":{"line":4,"column":94},"end":{"line":4,"column":98}},{"start":{"line":4,"column":101},"end":{"line":4,"column":143}}],"line":4},"8":{"loc":{"start":{"line":4,"column":101},"end":{"line":4,"column":143}},"type":"cond-expr","locations":[{"start":{"line":4,"column":109},"end":{"line":4,"column":126}},{"start":{"line":4,"column":129},"end":{"line":4,"column":143}}],"line":4},"9":{"loc":{"start":{"line":5,"column":11},"end":{"line":5,"column":62}},"type":"binary-expr","locations":[{"start":{"line":5,"column":11},"end":{"line":5,"column":16}},{"start":{"line":5,"column":20},"end":{"line":5,"column":21}},{"start":{"line":5,"column":25},"end":{"line":5,"column":62}}],"line":5}},"s":{"0":1,"1":1,"2":1,"3":1,"4":1,"5":0,"6":0,"7":0,"8":1,"9":1,"10":1,"11":0,"12":0,"13":0,"14":0,"15":0,"16":0,"17":1},"f":{"0":1,"1":1,"2":0},"b":{"0":[1,0,1],"1":[1,0],"2":[0,0],"3":[1,0],"4":[1,1],"5":[0,0],"6":[0,0],"7":[0,0],"8":[0,0],"9":[1,0,0]},"inputSourceMap":{"version":3,"file":"function-exception.filter.js","sourceRoot":"","sources":["function-exception.filter.ts"],"names":[],"mappings":";;;;;;AAAA,OAAO,EAAmB,KAAK,EAAiB,MAAM,gBAAgB,CAAC;AACvE,OAAO,EAAE,mBAAmB,EAAE,MAAM,wBAAwB,CAAC;AAC7D,OAAO,EAAE,SAAS,EAAE,MAAM,qBAAqB,CAAC;AAGhD,IAAa,yBAAyB,GAAtC;IADA;QAGU,WAAM,GAAG,SAAS,CAAC,GAAG,CAAC,sBAAsB,CAAC,CAAC;IAsBzD,CAAC;IApBC,KAAK,CAAC,SAA8B,EAAE,IAAmB;QAEvD,MAAM,GAAG,GAAG,IAAI,CAAC,YAAY,EAAE,CAAC;QAChC,MAAM,QAAQ,GAAG,GAAG,CAAC,WAAW,EAAE,CAAC;QACnC,MAAM,OAAO,GAAG,GAAG,CAAC,UAAU,EAAE,CAAC;QAEjC,MAAM,MAAM,GAAG,SAAS,CAAC,MAAM,CAAC;QAEhC,IAAI,CAAC,MAAM,CAAC,KAAK,CAAC,GAAG,SAAS,CAAC,IAAI,MAAM,SAAS,CAAC,OAAO,EAAE,CAAC,CAAC;QAE9D,QAAQ;aACL,MAAM,CAAC,MAAM,CAAC;aACd,IAAI,CAAC;YACJ,UAAU,EAAE,MAAM;YAClB,SAAS,EAAE,IAAI,IAAI,EAAE,CAAC,WAAW,EAAE;YACnC,IAAI,EAAE,OAAO,CAAC,GAAG;YACjB,IAAI,EAAE,SAAS,CAAC,IAAI;YACpB,OAAO,EAAE,SAAS,CAAC,OAAO;SAC3B,CAAC,CAAC;IACP,CAAC;CACF,CAAA;AAxBY,yBAAyB;IADrC,KAAK,CAAC,mBAAmB,CAAC;GACd,yBAAyB,CAwBrC;SAxBY,yBAAyB","sourcesContent":["import { ExceptionFilter, Catch, ArgumentsHost } from '@nestjs/common';\nimport { FunctionalException } from './functional.exception';\nimport { WinLogger } from '../logger/winlogger';\n\n@Catch(FunctionalException)\nexport class FunctionalExceptionFilter implements ExceptionFilter {\n\n  private logger = WinLogger.get('functional-exception');\n\n  catch(exception: FunctionalException, host: ArgumentsHost) {\n\n    const ctx = host.switchToHttp();\n    const response = ctx.getResponse();\n    const request = ctx.getRequest();\n\n    const status = exception.status;\n\n    this.logger.error(`${exception.code} - ${exception.libelle}`);\n\n    response\n      .status(status)\n      .json({\n        statusCode: status,\n        timestamp: new Date().toISOString(),\n        path: request.url,\n        code: exception.code,\n        libelle: exception.libelle,\n      });\n  }\n}\n"]},"_coverageSchema":"332fd63041d2c1bcb487cc26dd0d5f7d97098a6c","hash":"b69226ccd7247b71ab6668e35b40184e63d31f6a"}
,"C:\\workspace\\WS\\WS_UNI_CMS\\univ-cms\\src\\server\\app\\common\\exception\\functional.exception.ts": {"path":"C:\\workspace\\WS\\WS_UNI_CMS\\univ-cms\\src\\server\\app\\common\\exception\\functional.exception.ts","statementMap":{"0":{"start":{"line":3,"column":8},"end":{"line":3,"column":16}},"1":{"start":{"line":4,"column":8},"end":{"line":4,"column":25}},"2":{"start":{"line":5,"column":8},"end":{"line":5,"column":31}},"3":{"start":{"line":6,"column":8},"end":{"line":6,"column":29}},"4":{"start":{"line":7,"column":8},"end":{"line":9,"column":9}},"5":{"start":{"line":8,"column":12},"end":{"line":8,"column":32}}},"fnMap":{"0":{"name":"(anonymous_0)","decl":{"start":{"line":2,"column":4},"end":{"line":2,"column":5}},"loc":{"start":{"line":2,"column":39},"end":{"line":10,"column":5}},"line":2}},"branchMap":{"0":{"loc":{"start":{"line":7,"column":8},"end":{"line":9,"column":9}},"type":"if","locations":[{"start":{"line":7,"column":8},"end":{"line":9,"column":9}},{"start":{"line":7,"column":8},"end":{"line":9,"column":9}}],"line":7}},"s":{"0":0,"1":0,"2":0,"3":0,"4":0,"5":0},"f":{"0":0},"b":{"0":[0,0]},"inputSourceMap":{"version":3,"file":"functional.exception.js","sourceRoot":"","sources":["functional.exception.ts"],"names":[],"mappings":"AAAA,MAAM,0BAA2B,SAAQ,KAAK;IAE5C,YAAmB,IAAY,EACZ,OAAe,EACf,MAAe;QAChC,KAAK,EAAE,CAAC;QAHS,SAAI,GAAJ,IAAI,CAAQ;QACZ,YAAO,GAAP,OAAO,CAAQ;QACf,WAAM,GAAN,MAAM,CAAS;QAEhC,IAAI,CAAC,MAAM,EAAE;YACX,IAAI,CAAC,MAAM,GAAG,KAAK,CAAC;SACrB;IACH,CAAC;CAEF","sourcesContent":["export class FunctionalException extends Error {\n\n  constructor(public code: string,\n              public libelle: string,\n              public status?: string) {\n    super();\n    if (!status) {\n      this.status = '400';\n    }\n  }\n\n}\n"]},"_coverageSchema":"332fd63041d2c1bcb487cc26dd0d5f7d97098a6c","hash":"3937f8ce3f2a9d918a1e412679e8a4144db7153e"}
,"C:\\workspace\\WS\\WS_UNI_CMS\\univ-cms\\src\\server\\app\\common\\exception\\technical-exception.filter.ts": {"path":"C:\\workspace\\WS\\WS_UNI_CMS\\univ-cms\\src\\server\\app\\common\\exception\\technical-exception.filter.ts","statementMap":{"0":{"start":{"line":1,"column":17},"end":{"line":6,"column":1}},"1":{"start":{"line":2,"column":12},"end":{"line":2,"column":28}},"2":{"start":{"line":2,"column":34},"end":{"line":2,"column":125}},"3":{"start":{"line":3,"column":4},"end":{"line":4,"column":150}},"4":{"start":{"line":3,"column":79},"end":{"line":3,"column":131}},"5":{"start":{"line":4,"column":9},"end":{"line":4,"column":150}},"6":{"start":{"line":4,"column":58},"end":{"line":4,"column":150}},"7":{"start":{"line":4,"column":81},"end":{"line":4,"column":150}},"8":{"start":{"line":5,"column":4},"end":{"line":5,"column":66}},"9":{"start":{"line":10,"column":31},"end":{"line":31,"column":1}},"10":{"start":{"line":12,"column":8},"end":{"line":12,"column":59}},"11":{"start":{"line":15,"column":20},"end":{"line":15,"column":39}},"12":{"start":{"line":16,"column":25},"end":{"line":16,"column":42}},"13":{"start":{"line":17,"column":24},"end":{"line":17,"column":40}},"14":{"start":{"line":18,"column":23},"end":{"line":18,"column":39}},"15":{"start":{"line":19,"column":8},"end":{"line":19,"column":62}},"16":{"start":{"line":20,"column":8},"end":{"line":29,"column":11}},"17":{"start":{"line":32,"column":0},"end":{"line":34,"column":29}}},"fnMap":{"0":{"name":"(anonymous_0)","decl":{"start":{"line":1,"column":46},"end":{"line":1,"column":47}},"loc":{"start":{"line":1,"column":87},"end":{"line":6,"column":1}},"line":1},"1":{"name":"(anonymous_1)","decl":{"start":{"line":11,"column":4},"end":{"line":11,"column":5}},"loc":{"start":{"line":11,"column":18},"end":{"line":13,"column":5}},"line":11},"2":{"name":"(anonymous_2)","decl":{"start":{"line":14,"column":4},"end":{"line":14,"column":5}},"loc":{"start":{"line":14,"column":27},"end":{"line":30,"column":5}},"line":14}},"branchMap":{"0":{"loc":{"start":{"line":1,"column":17},"end":{"line":6,"column":1}},"type":"binary-expr","locations":[{"start":{"line":1,"column":18},"end":{"line":1,"column":22}},{"start":{"line":1,"column":26},"end":{"line":1,"column":41}},{"start":{"line":1,"column":46},"end":{"line":6,"column":1}}],"line":1},"1":{"loc":{"start":{"line":2,"column":34},"end":{"line":2,"column":125}},"type":"cond-expr","locations":[{"start":{"line":2,"column":42},"end":{"line":2,"column":48}},{"start":{"line":2,"column":51},"end":{"line":2,"column":125}}],"line":2},"2":{"loc":{"start":{"line":2,"column":51},"end":{"line":2,"column":125}},"type":"cond-expr","locations":[{"start":{"line":2,"column":67},"end":{"line":2,"column":118}},{"start":{"line":2,"column":121},"end":{"line":2,"column":125}}],"line":2},"3":{"loc":{"start":{"line":3,"column":4},"end":{"line":4,"column":150}},"type":"if","locations":[{"start":{"line":3,"column":4},"end":{"line":4,"column":150}},{"start":{"line":3,"column":4},"end":{"line":4,"column":150}}],"line":3},"4":{"loc":{"start":{"line":3,"column":8},"end":{"line":3,"column":77}},"type":"binary-expr","locations":[{"start":{"line":3,"column":8},"end":{"line":3,"column":35}},{"start":{"line":3,"column":39},"end":{"line":3,"column":77}}],"line":3},"5":{"loc":{"start":{"line":4,"column":58},"end":{"line":4,"column":150}},"type":"if","locations":[{"start":{"line":4,"column":58},"end":{"line":4,"column":150}},{"start":{"line":4,"column":58},"end":{"line":4,"column":150}}],"line":4},"6":{"loc":{"start":{"line":4,"column":85},"end":{"line":4,"column":149}},"type":"binary-expr","locations":[{"start":{"line":4,"column":86},"end":{"line":4,"column":143}},{"start":{"line":4,"column":148},"end":{"line":4,"column":149}}],"line":4},"7":{"loc":{"start":{"line":4,"column":86},"end":{"line":4,"column":143}},"type":"cond-expr","locations":[{"start":{"line":4,"column":94},"end":{"line":4,"column":98}},{"start":{"line":4,"column":101},"end":{"line":4,"column":143}}],"line":4},"8":{"loc":{"start":{"line":4,"column":101},"end":{"line":4,"column":143}},"type":"cond-expr","locations":[{"start":{"line":4,"column":109},"end":{"line":4,"column":126}},{"start":{"line":4,"column":129},"end":{"line":4,"column":143}}],"line":4},"9":{"loc":{"start":{"line":5,"column":11},"end":{"line":5,"column":62}},"type":"binary-expr","locations":[{"start":{"line":5,"column":11},"end":{"line":5,"column":16}},{"start":{"line":5,"column":20},"end":{"line":5,"column":21}},{"start":{"line":5,"column":25},"end":{"line":5,"column":62}}],"line":5}},"s":{"0":1,"1":1,"2":1,"3":1,"4":1,"5":0,"6":0,"7":0,"8":1,"9":1,"10":1,"11":0,"12":0,"13":0,"14":0,"15":0,"16":0,"17":1},"f":{"0":1,"1":1,"2":0},"b":{"0":[1,0,1],"1":[1,0],"2":[0,0],"3":[1,0],"4":[1,1],"5":[0,0],"6":[0,0],"7":[0,0],"8":[0,0],"9":[1,0,0]},"inputSourceMap":{"version":3,"file":"technical-exception.filter.js","sourceRoot":"","sources":["technical-exception.filter.ts"],"names":[],"mappings":";;;;;;AAAA,OAAO,EAAmB,KAAK,EAAiB,MAAM,gBAAgB,CAAC;AACvE,OAAO,EAAE,kBAAkB,EAAE,MAAM,uBAAuB,CAAC;AAC3D,OAAO,EAAE,SAAS,EAAE,MAAM,qBAAqB,CAAC;AAGhD,IAAa,wBAAwB,GAArC;IADA;QAGU,WAAM,GAAG,SAAS,CAAC,GAAG,CAAC,qBAAqB,CAAC,CAAC;IAuBxD,CAAC;IArBC,KAAK,CAAC,SAA6B,EAAE,IAAmB;QAEtD,MAAM,GAAG,GAAG,IAAI,CAAC,YAAY,EAAE,CAAC;QAChC,MAAM,QAAQ,GAAG,GAAG,CAAC,WAAW,EAAE,CAAC;QACnC,MAAM,OAAO,GAAG,GAAG,CAAC,UAAU,EAAE,CAAC;QAEjC,MAAM,MAAM,GAAG,SAAS,CAAC,MAAM,CAAC;QAEhC,IAAI,CAAC,MAAM,CAAC,KAAK,CAAC,SAAS,CAAC,OAAO,EAAE,SAAS,CAAC,KAAK,CAAC,CAAC;QAEtD,QAAQ;aACL,MAAM,CAAC,MAAM,CAAC;aACd,IAAI,CAAC;YACJ,UAAU,EAAE,MAAM;YAClB,SAAS,EAAE,IAAI,IAAI,EAAE,CAAC,WAAW,EAAE;YACnC,IAAI,EAAE,OAAO,CAAC,GAAG;YACjB,IAAI,EAAE,SAAS,CAAC,IAAI;YACpB,OAAO,EAAE,SAAS,CAAC,OAAO;YAC1B,KAAK,EAAE,SAAS,CAAC,KAAK;SACvB,CAAC,CAAC;IACP,CAAC;CACF,CAAA;AAzBY,wBAAwB;IADpC,KAAK,CAAC,kBAAkB,CAAC;GACb,wBAAwB,CAyBpC;SAzBY,wBAAwB","sourcesContent":["import { ExceptionFilter, Catch, ArgumentsHost } from '@nestjs/common';\nimport { TechnicalException } from './technical.exception';\nimport { WinLogger } from '../logger/winlogger';\n\n@Catch(TechnicalException)\nexport class TechnicalExceptionFilter implements ExceptionFilter {\n\n  private logger = WinLogger.get('technical-exception');\n\n  catch(exception: TechnicalException, host: ArgumentsHost) {\n\n    const ctx = host.switchToHttp();\n    const response = ctx.getResponse();\n    const request = ctx.getRequest();\n\n    const status = exception.status;\n\n    this.logger.error(exception.libelle, exception.error);\n\n    response\n      .status(status)\n      .json({\n        statusCode: status,\n        timestamp: new Date().toISOString(),\n        path: request.url,\n        code: exception.code,\n        libelle: exception.libelle,\n        error: exception.error,\n      });\n  }\n}\n"]},"_coverageSchema":"332fd63041d2c1bcb487cc26dd0d5f7d97098a6c","hash":"7ee8dee34062d64ae48a68dd7cdde798135a43ce"}
,"C:\\workspace\\WS\\WS_UNI_CMS\\univ-cms\\src\\server\\app\\common\\exception\\technical.exception.ts": {"path":"C:\\workspace\\WS\\WS_UNI_CMS\\univ-cms\\src\\server\\app\\common\\exception\\technical.exception.ts","statementMap":{"0":{"start":{"line":3,"column":8},"end":{"line":3,"column":16}},"1":{"start":{"line":4,"column":8},"end":{"line":4,"column":25}},"2":{"start":{"line":5,"column":8},"end":{"line":5,"column":31}},"3":{"start":{"line":6,"column":8},"end":{"line":6,"column":27}},"4":{"start":{"line":7,"column":8},"end":{"line":7,"column":29}},"5":{"start":{"line":8,"column":8},"end":{"line":10,"column":9}},"6":{"start":{"line":9,"column":12},"end":{"line":9,"column":32}}},"fnMap":{"0":{"name":"(anonymous_0)","decl":{"start":{"line":2,"column":4},"end":{"line":2,"column":5}},"loc":{"start":{"line":2,"column":46},"end":{"line":11,"column":5}},"line":2}},"branchMap":{"0":{"loc":{"start":{"line":8,"column":8},"end":{"line":10,"column":9}},"type":"if","locations":[{"start":{"line":8,"column":8},"end":{"line":10,"column":9}},{"start":{"line":8,"column":8},"end":{"line":10,"column":9}}],"line":8}},"s":{"0":0,"1":0,"2":0,"3":0,"4":0,"5":0,"6":0},"f":{"0":0},"b":{"0":[0,0]},"inputSourceMap":{"version":3,"file":"technical.exception.js","sourceRoot":"","sources":["technical.exception.ts"],"names":[],"mappings":"AAAA,MAAM,yBAA0B,SAAQ,KAAK;IAE3C,YAAmB,IAAY,EACZ,OAAe,EACf,KAAW,EACX,MAAe;QAChC,KAAK,EAAE,CAAC;QAJS,SAAI,GAAJ,IAAI,CAAQ;QACZ,YAAO,GAAP,OAAO,CAAQ;QACf,UAAK,GAAL,KAAK,CAAM;QACX,WAAM,GAAN,MAAM,CAAS;QAEhC,IAAI,CAAC,MAAM,EAAE;YACX,IAAI,CAAC,MAAM,GAAG,KAAK,CAAC;SACrB;IACH,CAAC;CAEF","sourcesContent":["export class TechnicalException extends Error {\n\n  constructor(public code: string,\n              public libelle: string,\n              public error?: any,\n              public status?: string) {\n    super();\n    if (!status) {\n      this.status = '400';\n    }\n  }\n\n}\n"]},"_coverageSchema":"332fd63041d2c1bcb487cc26dd0d5f7d97098a6c","hash":"49da6b1d95ac1a4febfcbcfa78010461560adf95"}
,"C:\\workspace\\WS\\WS_UNI_CMS\\univ-cms\\src\\server\\app\\common\\logger\\logger.factory.ts": {"path":"C:\\workspace\\WS\\WS_UNI_CMS\\univ-cms\\src\\server\\app\\common\\logger\\logger.factory.ts","statementMap":{"0":{"start":{"line":5,"column":8},"end":{"line":16,"column":9}},"1":{"start":{"line":6,"column":12},"end":{"line":15,"column":15}},"2":{"start":{"line":17,"column":8},"end":{"line":17,"column":27}}},"fnMap":{"0":{"name":"(anonymous_0)","decl":{"start":{"line":4,"column":4},"end":{"line":4,"column":5}},"loc":{"start":{"line":4,"column":17},"end":{"line":18,"column":5}},"line":4}},"branchMap":{"0":{"loc":{"start":{"line":5,"column":8},"end":{"line":16,"column":9}},"type":"if","locations":[{"start":{"line":5,"column":8},"end":{"line":16,"column":9}},{"start":{"line":5,"column":8},"end":{"line":16,"column":9}}],"line":5}},"s":{"0":4,"1":1,"2":4},"f":{"0":4},"b":{"0":[1,3]},"inputSourceMap":{"version":3,"file":"logger.factory.js","sourceRoot":"","sources":["logger.factory.ts"],"names":[],"mappings":"AAAA,OAAO,EAAE,MAAM,EAAE,UAAU,EAAE,MAAM,SAAS,CAAC;AAC7C,OAAO,EAAE,MAAM,EAAE,MAAM,qBAAqB,CAAC;AAE7C,MAAM;IAIG,MAAM,CAAC,GAAG;QACf,IAAI,CAAC,IAAI,CAAC,MAAM,EAAE;YAChB,IAAI,CAAC,MAAM,GAAG,IAAI,MAAM,CAAC;gBACvB,UAAU,EAAE;oBACV,IAAI,UAAU,CAAC,OAAO,CAAC;wBACrB,QAAQ,EAAE,IAAI;wBACd,WAAW,EAAE,IAAI;wBACjB,KAAK,EAAE,MAAM,CAAC,GAAG,EAAE,CAAC,SAAS;wBAC7B,SAAS,EAAE,IAAI;qBAChB,CAAC;iBACH;aACF,CAAC,CAAC;SACJ;QACD,OAAO,IAAI,CAAC,MAAM,CAAC;IACrB,CAAC;CACF","sourcesContent":["import { Logger, transports } from 'winston';\nimport { Config } from '../../config/config';\n\nexport class LoggerFactory {\n\n  private static logger;\n\n  public static get() {\n    if (!this.logger) {\n      this.logger = new Logger({\n        transports: [\n          new transports.Console({\n            colorize: true,\n            prettyPrint: true,\n            level: Config.get().LOG_LEVEL,\n            timestamp: true,\n          }),\n        ],\n      });\n    }\n    return this.logger;\n  }\n}\n"]},"_coverageSchema":"332fd63041d2c1bcb487cc26dd0d5f7d97098a6c","hash":"0ce13f5ad38cf2b6cffe4252ac5508bd44a7f04a"}
,"C:\\workspace\\WS\\WS_UNI_CMS\\univ-cms\\src\\server\\app\\common\\logger\\winlogger.ts": {"path":"C:\\workspace\\WS\\WS_UNI_CMS\\univ-cms\\src\\server\\app\\common\\logger\\winlogger.ts","statementMap":{"0":{"start":{"line":4,"column":8},"end":{"line":4,"column":25}},"1":{"start":{"line":5,"column":8},"end":{"line":5,"column":42}},"2":{"start":{"line":8,"column":8},"end":{"line":8,"column":35}},"3":{"start":{"line":11,"column":8},"end":{"line":11,"column":67}},"4":{"start":{"line":14,"column":8},"end":{"line":14,"column":64}},"5":{"start":{"line":17,"column":8},"end":{"line":17,"column":65}},"6":{"start":{"line":20,"column":8},"end":{"line":20,"column":67}},"7":{"start":{"line":23,"column":8},"end":{"line":23,"column":58}}},"fnMap":{"0":{"name":"(anonymous_0)","decl":{"start":{"line":3,"column":4},"end":{"line":3,"column":5}},"loc":{"start":{"line":3,"column":22},"end":{"line":6,"column":5}},"line":3},"1":{"name":"(anonymous_1)","decl":{"start":{"line":7,"column":4},"end":{"line":7,"column":5}},"loc":{"start":{"line":7,"column":21},"end":{"line":9,"column":5}},"line":7},"2":{"name":"(anonymous_2)","decl":{"start":{"line":10,"column":4},"end":{"line":10,"column":5}},"loc":{"start":{"line":10,"column":27},"end":{"line":12,"column":5}},"line":10},"3":{"name":"(anonymous_3)","decl":{"start":{"line":13,"column":4},"end":{"line":13,"column":5}},"loc":{"start":{"line":13,"column":26},"end":{"line":15,"column":5}},"line":13},"4":{"name":"(anonymous_4)","decl":{"start":{"line":16,"column":4},"end":{"line":16,"column":5}},"loc":{"start":{"line":16,"column":26},"end":{"line":18,"column":5}},"line":16},"5":{"name":"(anonymous_5)","decl":{"start":{"line":19,"column":4},"end":{"line":19,"column":5}},"loc":{"start":{"line":19,"column":27},"end":{"line":21,"column":5}},"line":19},"6":{"name":"(anonymous_6)","decl":{"start":{"line":22,"column":4},"end":{"line":22,"column":5}},"loc":{"start":{"line":22,"column":17},"end":{"line":24,"column":5}},"line":22}},"branchMap":{},"s":{"0":4,"1":4,"2":4,"3":0,"4":2,"5":0,"6":0,"7":0},"f":{"0":4,"1":4,"2":0,"3":2,"4":0,"5":0,"6":0},"b":{},"inputSourceMap":{"version":3,"file":"winlogger.js","sourceRoot":"","sources":["winlogger.ts"],"names":[],"mappings":"AACA,OAAO,EAAE,aAAa,EAAE,MAAM,kBAAkB,CAAC;AAGjD,MAAM;IAIJ,YAA4B,IAAY;QAAZ,SAAI,GAAJ,IAAI,CAAQ;QACtC,IAAI,CAAC,MAAM,GAAG,aAAa,CAAC,GAAG,EAAE,CAAC;IACpC,CAAC;IAEM,MAAM,CAAC,GAAG,CAAC,IAAI;QACpB,OAAO,IAAI,SAAS,CAAC,IAAI,CAAC,CAAC;IAC7B,CAAC;IAED,KAAK,CAAC,OAAe,EAAE,MAAY;QACjC,IAAI,CAAC,MAAM,CAAC,KAAK,CAAC,IAAI,IAAI,CAAC,IAAI,SAAS,OAAO,EAAE,EAAE,MAAM,CAAC,CAAC;IAC7D,CAAC;IAED,IAAI,CAAC,OAAe,EAAE,MAAY;QAChC,IAAI,CAAC,MAAM,CAAC,IAAI,CAAC,IAAI,IAAI,CAAC,IAAI,OAAO,OAAO,EAAE,EAAE,MAAM,CAAC,CAAC;IAC1D,CAAC;IAED,IAAI,CAAC,OAAe,EAAE,MAAY;QAChC,IAAI,CAAC,MAAM,CAAC,IAAI,CAAC,IAAI,IAAI,CAAC,IAAI,QAAQ,OAAO,EAAE,EAAE,MAAM,CAAC,CAAC;IAC3D,CAAC;IAED,KAAK,CAAC,OAAe,EAAE,MAAY;QACjC,IAAI,CAAC,MAAM,CAAC,KAAK,CAAC,IAAI,IAAI,CAAC,IAAI,SAAS,OAAO,EAAE,EAAE,MAAM,CAAC,CAAC;IAC7D,CAAC;IAED,GAAG,CAAC,OAAe;QACjB,IAAI,CAAC,MAAM,CAAC,IAAI,CAAC,IAAI,IAAI,CAAC,IAAI,SAAS,OAAO,EAAE,CAAC,CAAC;IACpD,CAAC;CACF","sourcesContent":["import { LoggerInstance } from 'winston';\nimport { LoggerFactory } from './logger.factory';\nimport { LoggerService } from '@nestjs/common';\n\nexport class WinLogger implements LoggerService {\n\n  private logger: LoggerInstance;\n\n  private constructor(private name: string) {\n    this.logger = LoggerFactory.get();\n  }\n\n  public static get(name): WinLogger {\n    return new WinLogger(name);\n  }\n\n  debug(message: string, params?: any) {\n    this.logger.debug(`[${this.name}]  -  ${message}`, params);\n  }\n\n  info(message: string, params?: any) {\n    this.logger.info(`[${this.name}] - ${message}`, params);\n  }\n\n  warn(message: string, params?: any) {\n    this.logger.warn(`[${this.name}]  - ${message}`, params);\n  }\n\n  error(message: string, params?: any) {\n    this.logger.error(`[${this.name}]  -  ${message}`, params);\n  }\n\n  log(message: string) {\n    this.logger.info(`[${this.name}]  -  ${message}`);\n  }\n}\n"]},"_coverageSchema":"332fd63041d2c1bcb487cc26dd0d5f7d97098a6c","hash":"6c55777bdddbdaf1e5166a9bf1f96c2a7129492c"}
,"C:\\workspace\\WS\\WS_UNI_CMS\\univ-cms\\src\\server\\app\\common\\validations\\custom-validation.pipe.ts": {"path":"C:\\workspace\\WS\\WS_UNI_CMS\\univ-cms\\src\\server\\app\\common\\validations\\custom-validation.pipe.ts","statementMap":{"0":{"start":{"line":1,"column":17},"end":{"line":6,"column":1}},"1":{"start":{"line":2,"column":12},"end":{"line":2,"column":28}},"2":{"start":{"line":2,"column":34},"end":{"line":2,"column":125}},"3":{"start":{"line":3,"column":4},"end":{"line":4,"column":150}},"4":{"start":{"line":3,"column":79},"end":{"line":3,"column":131}},"5":{"start":{"line":4,"column":9},"end":{"line":4,"column":150}},"6":{"start":{"line":4,"column":58},"end":{"line":4,"column":150}},"7":{"start":{"line":4,"column":81},"end":{"line":4,"column":150}},"8":{"start":{"line":5,"column":4},"end":{"line":5,"column":66}},"9":{"start":{"line":7,"column":17},"end":{"line":9,"column":1}},"10":{"start":{"line":8,"column":4},"end":{"line":8,"column":109}},"11":{"start":{"line":8,"column":79},"end":{"line":8,"column":109}},"12":{"start":{"line":10,"column":16},"end":{"line":17,"column":1}},"13":{"start":{"line":11,"column":4},"end":{"line":16,"column":7}},"14":{"start":{"line":12,"column":36},"end":{"line":12,"column":97}},"15":{"start":{"line":12,"column":42},"end":{"line":12,"column":70}},"16":{"start":{"line":12,"column":85},"end":{"line":12,"column":95}},"17":{"start":{"line":13,"column":35},"end":{"line":13,"column":100}},"18":{"start":{"line":13,"column":41},"end":{"line":13,"column":73}},"19":{"start":{"line":13,"column":88},"end":{"line":13,"column":98}},"20":{"start":{"line":14,"column":32},"end":{"line":14,"column":149}},"21":{"start":{"line":14,"column":97},"end":{"line":14,"column":119}},"22":{"start":{"line":15,"column":8},"end":{"line":15,"column":78}},"23":{"start":{"line":21,"column":27},"end":{"line":47,"column":1}},"24":{"start":{"line":23,"column":8},"end":{"line":23,"column":31}},"25":{"start":{"line":26,"column":8},"end":{"line":41,"column":11}},"26":{"start":{"line":27,"column":12},"end":{"line":29,"column":13}},"27":{"start":{"line":28,"column":16},"end":{"line":28,"column":29}},"28":{"start":{"line":30,"column":27},"end":{"line":30,"column":56}},"29":{"start":{"line":31,"column":27},"end":{"line":31,"column":82}},"30":{"start":{"line":32,"column":12},"end":{"line":34,"column":13}},"31":{"start":{"line":33,"column":16},"end":{"line":33,"column":91}},"32":{"start":{"line":35,"column":12},"end":{"line":40,"column":13}},"33":{"start":{"line":36,"column":16},"end":{"line":36,"column":30}},"34":{"start":{"line":39,"column":16},"end":{"line":39,"column":29}},"35":{"start":{"line":44,"column":22},"end":{"line":44,"column":62}},"36":{"start":{"line":45,"column":8},"end":{"line":45,"column":56}},"37":{"start":{"line":45,"column":37},"end":{"line":45,"column":54}},"38":{"start":{"line":48,"column":0},"end":{"line":51,"column":25}}},"fnMap":{"0":{"name":"(anonymous_0)","decl":{"start":{"line":1,"column":46},"end":{"line":1,"column":47}},"loc":{"start":{"line":1,"column":87},"end":{"line":6,"column":1}},"line":1},"1":{"name":"(anonymous_1)","decl":{"start":{"line":7,"column":46},"end":{"line":7,"column":47}},"loc":{"start":{"line":7,"column":62},"end":{"line":9,"column":1}},"line":7},"2":{"name":"(anonymous_2)","decl":{"start":{"line":10,"column":44},"end":{"line":10,"column":45}},"loc":{"start":{"line":10,"column":89},"end":{"line":17,"column":1}},"line":10},"3":{"name":"(anonymous_3)","decl":{"start":{"line":11,"column":36},"end":{"line":11,"column":37}},"loc":{"start":{"line":11,"column":63},"end":{"line":16,"column":5}},"line":11},"4":{"name":"fulfilled","decl":{"start":{"line":12,"column":17},"end":{"line":12,"column":26}},"loc":{"start":{"line":12,"column":34},"end":{"line":12,"column":99}},"line":12},"5":{"name":"rejected","decl":{"start":{"line":13,"column":17},"end":{"line":13,"column":25}},"loc":{"start":{"line":13,"column":33},"end":{"line":13,"column":102}},"line":13},"6":{"name":"step","decl":{"start":{"line":14,"column":17},"end":{"line":14,"column":21}},"loc":{"start":{"line":14,"column":30},"end":{"line":14,"column":151}},"line":14},"7":{"name":"(anonymous_7)","decl":{"start":{"line":14,"column":76},"end":{"line":14,"column":77}},"loc":{"start":{"line":14,"column":95},"end":{"line":14,"column":121}},"line":14},"8":{"name":"(anonymous_8)","decl":{"start":{"line":22,"column":4},"end":{"line":22,"column":5}},"loc":{"start":{"line":22,"column":47},"end":{"line":24,"column":5}},"line":22},"9":{"name":"(anonymous_9)","decl":{"start":{"line":25,"column":4},"end":{"line":25,"column":5}},"loc":{"start":{"line":25,"column":35},"end":{"line":42,"column":5}},"line":25},"10":{"name":"(anonymous_10)","decl":{"start":{"line":26,"column":47},"end":{"line":26,"column":48}},"loc":{"start":{"line":26,"column":60},"end":{"line":41,"column":9}},"line":26},"11":{"name":"(anonymous_11)","decl":{"start":{"line":43,"column":4},"end":{"line":43,"column":5}},"loc":{"start":{"line":43,"column":25},"end":{"line":46,"column":5}},"line":43},"12":{"name":"(anonymous_12)","decl":{"start":{"line":45,"column":27},"end":{"line":45,"column":28}},"loc":{"start":{"line":45,"column":37},"end":{"line":45,"column":54}},"line":45}},"branchMap":{"0":{"loc":{"start":{"line":1,"column":17},"end":{"line":6,"column":1}},"type":"binary-expr","locations":[{"start":{"line":1,"column":18},"end":{"line":1,"column":22}},{"start":{"line":1,"column":26},"end":{"line":1,"column":41}},{"start":{"line":1,"column":46},"end":{"line":6,"column":1}}],"line":1},"1":{"loc":{"start":{"line":2,"column":34},"end":{"line":2,"column":125}},"type":"cond-expr","locations":[{"start":{"line":2,"column":42},"end":{"line":2,"column":48}},{"start":{"line":2,"column":51},"end":{"line":2,"column":125}}],"line":2},"2":{"loc":{"start":{"line":2,"column":51},"end":{"line":2,"column":125}},"type":"cond-expr","locations":[{"start":{"line":2,"column":67},"end":{"line":2,"column":118}},{"start":{"line":2,"column":121},"end":{"line":2,"column":125}}],"line":2},"3":{"loc":{"start":{"line":3,"column":4},"end":{"line":4,"column":150}},"type":"if","locations":[{"start":{"line":3,"column":4},"end":{"line":4,"column":150}},{"start":{"line":3,"column":4},"end":{"line":4,"column":150}}],"line":3},"4":{"loc":{"start":{"line":3,"column":8},"end":{"line":3,"column":77}},"type":"binary-expr","locations":[{"start":{"line":3,"column":8},"end":{"line":3,"column":35}},{"start":{"line":3,"column":39},"end":{"line":3,"column":77}}],"line":3},"5":{"loc":{"start":{"line":4,"column":58},"end":{"line":4,"column":150}},"type":"if","locations":[{"start":{"line":4,"column":58},"end":{"line":4,"column":150}},{"start":{"line":4,"column":58},"end":{"line":4,"column":150}}],"line":4},"6":{"loc":{"start":{"line":4,"column":85},"end":{"line":4,"column":149}},"type":"binary-expr","locations":[{"start":{"line":4,"column":86},"end":{"line":4,"column":143}},{"start":{"line":4,"column":148},"end":{"line":4,"column":149}}],"line":4},"7":{"loc":{"start":{"line":4,"column":86},"end":{"line":4,"column":143}},"type":"cond-expr","locations":[{"start":{"line":4,"column":94},"end":{"line":4,"column":98}},{"start":{"line":4,"column":101},"end":{"line":4,"column":143}}],"line":4},"8":{"loc":{"start":{"line":4,"column":101},"end":{"line":4,"column":143}},"type":"cond-expr","locations":[{"start":{"line":4,"column":109},"end":{"line":4,"column":126}},{"start":{"line":4,"column":129},"end":{"line":4,"column":143}}],"line":4},"9":{"loc":{"start":{"line":5,"column":11},"end":{"line":5,"column":62}},"type":"binary-expr","locations":[{"start":{"line":5,"column":11},"end":{"line":5,"column":16}},{"start":{"line":5,"column":20},"end":{"line":5,"column":21}},{"start":{"line":5,"column":25},"end":{"line":5,"column":62}}],"line":5},"10":{"loc":{"start":{"line":7,"column":17},"end":{"line":9,"column":1}},"type":"binary-expr","locations":[{"start":{"line":7,"column":18},"end":{"line":7,"column":22}},{"start":{"line":7,"column":26},"end":{"line":7,"column":41}},{"start":{"line":7,"column":46},"end":{"line":9,"column":1}}],"line":7},"11":{"loc":{"start":{"line":8,"column":4},"end":{"line":8,"column":109}},"type":"if","locations":[{"start":{"line":8,"column":4},"end":{"line":8,"column":109}},{"start":{"line":8,"column":4},"end":{"line":8,"column":109}}],"line":8},"12":{"loc":{"start":{"line":8,"column":8},"end":{"line":8,"column":77}},"type":"binary-expr","locations":[{"start":{"line":8,"column":8},"end":{"line":8,"column":35}},{"start":{"line":8,"column":39},"end":{"line":8,"column":77}}],"line":8},"13":{"loc":{"start":{"line":10,"column":16},"end":{"line":17,"column":1}},"type":"binary-expr","locations":[{"start":{"line":10,"column":17},"end":{"line":10,"column":21}},{"start":{"line":10,"column":25},"end":{"line":10,"column":39}},{"start":{"line":10,"column":44},"end":{"line":17,"column":1}}],"line":10},"14":{"loc":{"start":{"line":11,"column":16},"end":{"line":11,"column":34}},"type":"binary-expr","locations":[{"start":{"line":11,"column":16},"end":{"line":11,"column":17}},{"start":{"line":11,"column":22},"end":{"line":11,"column":33}}],"line":11},"15":{"loc":{"start":{"line":14,"column":32},"end":{"line":14,"column":148}},"type":"cond-expr","locations":[{"start":{"line":14,"column":46},"end":{"line":14,"column":67}},{"start":{"line":14,"column":70},"end":{"line":14,"column":148}}],"line":14},"16":{"loc":{"start":{"line":15,"column":51},"end":{"line":15,"column":67}},"type":"binary-expr","locations":[{"start":{"line":15,"column":51},"end":{"line":15,"column":61}},{"start":{"line":15,"column":65},"end":{"line":15,"column":67}}],"line":15},"17":{"loc":{"start":{"line":22,"column":16},"end":{"line":22,"column":45}},"type":"default-arg","locations":[{"start":{"line":22,"column":26},"end":{"line":22,"column":45}}],"line":22},"18":{"loc":{"start":{"line":27,"column":12},"end":{"line":29,"column":13}},"type":"if","locations":[{"start":{"line":27,"column":12},"end":{"line":29,"column":13}},{"start":{"line":27,"column":12},"end":{"line":29,"column":13}}],"line":27},"19":{"loc":{"start":{"line":27,"column":16},"end":{"line":27,"column":55}},"type":"binary-expr","locations":[{"start":{"line":27,"column":16},"end":{"line":27,"column":25}},{"start":{"line":27,"column":29},"end":{"line":27,"column":55}}],"line":27},"20":{"loc":{"start":{"line":32,"column":12},"end":{"line":34,"column":13}},"type":"if","locations":[{"start":{"line":32,"column":12},"end":{"line":34,"column":13}},{"start":{"line":32,"column":12},"end":{"line":34,"column":13}}],"line":32},"21":{"loc":{"start":{"line":35,"column":12},"end":{"line":40,"column":13}},"type":"if","locations":[{"start":{"line":35,"column":12},"end":{"line":40,"column":13}},{"start":{"line":35,"column":12},"end":{"line":40,"column":13}}],"line":35}},"s":{"0":1,"1":1,"2":1,"3":1,"4":1,"5":0,"6":0,"7":0,"8":1,"9":1,"10":1,"11":1,"12":1,"13":3,"14":2,"15":2,"16":0,"17":0,"18":0,"19":0,"20":5,"21":2,"22":3,"23":1,"24":2,"25":3,"26":3,"27":1,"28":2,"29":2,"30":2,"31":0,"32":2,"33":2,"34":0,"35":3,"36":3,"37":11,"38":1},"f":{"0":1,"1":1,"2":3,"3":3,"4":2,"5":0,"6":5,"7":2,"8":2,"9":3,"10":3,"11":3,"12":11},"b":{"0":[1,0,1],"1":[1,0],"2":[0,0],"3":[1,0],"4":[1,1],"5":[0,0],"6":[0,0],"7":[0,0],"8":[0,0],"9":[1,0,0],"10":[1,0,1],"11":[1,0],"12":[1,1],"13":[1,0,1],"14":[3,3],"15":[3,2],"16":[3,3],"17":[2],"18":[1,2],"19":[3,3],"20":[0,2],"21":[2,0]},"inputSourceMap":{"version":3,"file":"custom-validation.pipe.js","sourceRoot":"","sources":["custom-validation.pipe.ts"],"names":[],"mappings":";;;;;;;;;;;;;;;;;AAAA,OAAO,EAAiB,UAAU,EAAoB,mBAAmB,EAAE,MAAM,gBAAgB,CAAC;AAClG,OAAO,EAAE,QAAQ,EAAE,MAAM,iBAAiB,CAAC;AAC3C,OAAO,EAAE,YAAY,EAAE,MAAM,mBAAmB,CAAC;AAGjD,IAAa,oBAAoB,GAAjC;IAEE,YAAoB,UAAkC,EAAE,SAAS,EAAE,IAAI,EAAE;QAArD,YAAO,GAAP,OAAO,CAA8C;IAAI,CAAC;IAExE,SAAS,CAAC,KAAK,EAAE,EAAE,QAAQ,EAAoB;;YACnD,IAAI,CAAC,QAAQ,IAAI,CAAC,IAAI,CAAC,UAAU,CAAC,QAAQ,CAAC,EAAE;gBAC3C,OAAO,KAAK,CAAC;aACd;YACD,MAAM,MAAM,GAAG,YAAY,CAAC,QAAQ,EAAE,KAAK,CAAC,CAAC;YAC7C,MAAM,MAAM,GAAG,MAAM,QAAQ,CAAC,MAAM,EAAE,EAAE,qBAAqB,EAAE,IAAI,EAAE,CAAC,CAAC;YACvE,IAAI,MAAM,CAAC,MAAM,GAAG,CAAC,EAAE;gBACrB,MAAM,IAAI,mBAAmB,CAAC,mBAAmB,EAAE,IAAI,CAAC,SAAS,CAAC,MAAM,CAAC,CAAC,CAAC;aAC5E;YACD,IAAI,IAAI,CAAC,OAAO,CAAC,SAAS,EAAE;gBAC1B,OAAO,MAAM,CAAC;aACf;iBAAM;gBACL,OAAO,KAAK,CAAC;aACd;QACH,CAAC;KAAA;IAEO,UAAU,CAAC,QAAQ;QACzB,MAAM,KAAK,GAAG,CAAC,MAAM,EAAE,OAAO,EAAE,MAAM,EAAE,KAAK,EAAE,MAAM,CAAC,CAAC;QACvD,OAAO,CAAC,KAAK,CAAC,IAAI,CAAC,CAAC,IAAI,EAAE,EAAE,CAAC,QAAQ,KAAK,IAAI,CAAC,CAAC;IAClD,CAAC;CACF,CAAA;AAxBY,oBAAoB;IADhC,UAAU,EAAE;;GACA,oBAAoB,CAwBhC;SAxBY,oBAAoB","sourcesContent":["import { PipeTransform, Injectable, ArgumentMetadata, BadRequestException } from '@nestjs/common';\nimport { validate } from 'class-validator';\nimport { plainToClass } from 'class-transformer';\n\n@Injectable()\nexport class CustomValidationPipe implements PipeTransform<any> {\n\n  constructor(private context: { transform: boolean } = { transform: true }) { }\n\n  async transform(value, { metatype }: ArgumentMetadata) {\n    if (!metatype || !this.toValidate(metatype)) {\n      return value;\n    }\n    const object = plainToClass(metatype, value);\n    const errors = await validate(object, { skipMissingProperties: true });\n    if (errors.length > 0) {\n      throw new BadRequestException('Validation failed', JSON.stringify(errors));\n    }\n    if (this.context.transform) {\n      return object;\n    } else {\n      return value;\n    }\n  }\n\n  private toValidate(metatype): boolean {\n    const types = [String, Boolean, Number, Array, Object];\n    return !types.find((type) => metatype === type);\n  }\n}\n"]},"_coverageSchema":"332fd63041d2c1bcb487cc26dd0d5f7d97098a6c","hash":"a6ddb55df8fbfcc6e6eaa5588c04f67e9d4dd9ce"}
,"C:\\workspace\\WS\\WS_UNI_CMS\\univ-cms\\src\\server\\app\\config\\config.ts": {"path":"C:\\workspace\\WS\\WS_UNI_CMS\\univ-cms\\src\\server\\app\\config\\config.ts","statementMap":{"0":{"start":{"line":2,"column":16},"end":{"line":2,"column":35}},"1":{"start":{"line":3,"column":21},"end":{"line":3,"column":45}},"2":{"start":{"line":8,"column":8},"end":{"line":11,"column":9}},"3":{"start":{"line":9,"column":12},"end":{"line":9,"column":41}},"4":{"start":{"line":10,"column":12},"end":{"line":10,"column":33}},"5":{"start":{"line":12,"column":8},"end":{"line":12,"column":36}},"6":{"start":{"line":15,"column":37},"end":{"line":15,"column":81}},"7":{"start":{"line":16,"column":8},"end":{"line":16,"column":80}},"8":{"start":{"line":17,"column":24},"end":{"line":17,"column":44}},"9":{"start":{"line":18,"column":8},"end":{"line":27,"column":9}},"10":{"start":{"line":19,"column":12},"end":{"line":19,"column":77}},"11":{"start":{"line":20,"column":12},"end":{"line":26,"column":13}},"12":{"start":{"line":21,"column":33},"end":{"line":21,"column":93}},"13":{"start":{"line":22,"column":16},"end":{"line":22,"column":52}},"14":{"start":{"line":25,"column":16},"end":{"line":25,"column":86}},"15":{"start":{"line":30,"column":8},"end":{"line":30,"column":50}}},"fnMap":{"0":{"name":"(anonymous_0)","decl":{"start":{"line":5,"column":4},"end":{"line":5,"column":5}},"loc":{"start":{"line":5,"column":18},"end":{"line":6,"column":5}},"line":5},"1":{"name":"(anonymous_1)","decl":{"start":{"line":7,"column":4},"end":{"line":7,"column":5}},"loc":{"start":{"line":7,"column":17},"end":{"line":13,"column":5}},"line":7},"2":{"name":"(anonymous_2)","decl":{"start":{"line":14,"column":4},"end":{"line":14,"column":5}},"loc":{"start":{"line":14,"column":11},"end":{"line":28,"column":5}},"line":14},"3":{"name":"(anonymous_3)","decl":{"start":{"line":29,"column":4},"end":{"line":29,"column":5}},"loc":{"start":{"line":29,"column":32},"end":{"line":31,"column":5}},"line":29}},"branchMap":{"0":{"loc":{"start":{"line":8,"column":8},"end":{"line":11,"column":9}},"type":"if","locations":[{"start":{"line":8,"column":8},"end":{"line":11,"column":9}},{"start":{"line":8,"column":8},"end":{"line":11,"column":9}}],"line":8},"1":{"loc":{"start":{"line":15,"column":37},"end":{"line":15,"column":81}},"type":"binary-expr","locations":[{"start":{"line":15,"column":37},"end":{"line":15,"column":74}},{"start":{"line":15,"column":78},"end":{"line":15,"column":81}}],"line":15},"2":{"loc":{"start":{"line":18,"column":8},"end":{"line":27,"column":9}},"type":"if","locations":[{"start":{"line":18,"column":8},"end":{"line":27,"column":9}},{"start":{"line":18,"column":8},"end":{"line":27,"column":9}}],"line":18}},"s":{"0":1,"1":1,"2":4,"3":1,"4":1,"5":4,"6":1,"7":1,"8":1,"9":1,"10":1,"11":1,"12":1,"13":1,"14":0,"15":2},"f":{"0":1,"1":4,"2":1,"3":2},"b":{"0":[1,3],"1":[1,1],"2":[1,0]},"inputSourceMap":{"version":3,"file":"config.js","sourceRoot":"","sources":["config.ts"],"names":[],"mappings":"AAAA,OAAO,EAAE,SAAS,EAAE,MAAM,4BAA4B,CAAC;AAEvD,MAAM,OAAO,GAAG,OAAO,CAAC,UAAU,CAAC,CAAC;AACpC,MAAM,YAAY,GAAG,OAAO,CAAC,eAAe,CAAC,CAAC;AAE9C,MAAM;IAcJ;IACA,CAAC;IAEM,MAAM,CAAC,GAAG;QACf,IAAI,CAAC,IAAI,CAAC,QAAQ,EAAE;YAClB,IAAI,CAAC,QAAQ,GAAG,IAAI,MAAM,EAAE,CAAC;YAC7B,IAAI,CAAC,QAAQ,CAAC,IAAI,EAAE,CAAC;SACtB;QACD,OAAO,IAAI,CAAC,QAAQ,CAAC,MAAM,CAAC;IAC9B,CAAC;IAEO,IAAI;QAEV,MAAM,oBAAoB,GAAG,OAAO,CAAC,GAAG,CAAC,yBAAyB,IAAI,GAAG,CAAC;QAG1E,IAAI,CAAC,MAAM,GAAG,IAAI,CAAC,SAAS,CAAC,oBAAoB,EAAE,YAAY,CAAC,CAAC,MAAM,CAAC;QAExE,MAAM,OAAO,GAAG,OAAO,CAAC,GAAG,CAAC,QAAQ,CAAC;QAErC,IAAI,OAAO,EAAE;YACX,SAAS,CAAC,GAAG,CAAC,QAAQ,CAAC,CAAC,IAAI,CAAC,WAAW,OAAO,gBAAgB,CAAC,CAAC;YACjE,IAAI;gBACF,MAAM,QAAQ,GAAG,IAAI,CAAC,SAAS,CAAC,oBAAoB,EAAE,GAAG,OAAO,KAAK,CAAC,CAAC,MAAM,CAAC;gBAC9E,YAAY,CAAC,IAAI,CAAC,MAAM,EAAE,QAAQ,CAAC,CAAC;aACrC;YAAC,OAAO,KAAK,EAAE;gBACd,SAAS,CAAC,GAAG,CAAC,QAAQ,CAAC,CAAC,IAAI,CAAC,8BAA8B,OAAO,EAAE,CAAC,CAAC;aACvE;SACF;IACH,CAAC;IAEO,SAAS,CAAC,IAAI,EAAE,UAAU;QAChC,OAAO,OAAO,CAAC,OAAO,CAAC,IAAI,EAAE,UAAU,CAAC,CAAC,CAAC;IAC5C,CAAC;CACF","sourcesContent":["import { WinLogger } from '../common/logger/winlogger';\n\nconst urlJoin = require('url-join');\nconst jsonOverride = require('json-override');\n\nexport class Config {\n\n  private static instance: Config;\n\n  private config: {\n    MONGO_URL: string,\n    MONGO_PORT: number,\n    SERVER_PORT: string,\n    SERVER_PATH: string,\n    LOG_LEVEL: string,\n    SWAGGER_ACTIVATED: string,\n    AUTH_JWT_KEY: string, // JWT secret key to share with an auth service\n  };\n\n  private constructor() {\n  }\n\n  public static get() {\n    if (!this.instance) {\n      this.instance = new Config();\n      this.instance.init();\n    }\n    return this.instance.config;\n  }\n\n  private init() {\n    // get config folder\n    const server_config_folder = process.env.NODE_SERVER_CONFIG_FOLDER || '.';\n\n    // Read the default.js file\n    this.config = this.getConfig(server_config_folder, 'default.js').config;\n\n    const nodeEnv = process.env.NODE_ENV;\n\n    if (nodeEnv) {\n      WinLogger.get('config').info(`Loading ${nodeEnv} configuration`);\n      try {\n        const override = this.getConfig(server_config_folder, `${nodeEnv}.js`).config;\n        jsonOverride(this.config, override);\n      } catch (error) {\n        WinLogger.get('config').warn(`No configuration found for ${nodeEnv}`);\n      }\n    }\n  }\n\n  private getConfig(path, configName) {\n    return require(urlJoin(path, configName));\n  }\n}\n"]},"_coverageSchema":"332fd63041d2c1bcb487cc26dd0d5f7d97098a6c","hash":"6908e240e0fe395d1c5362d508c80365edadb5a6"}
,"C:\\workspace\\WS\\WS_UNI_CMS\\univ-cms\\src\\server\\app\\config\\default.js": {"path":"C:\\workspace\\WS\\WS_UNI_CMS\\univ-cms\\src\\server\\app\\config\\default.js","statementMap":{"0":{"start":{"line":1,"column":15},"end":{"line":9,"column":1}},"1":{"start":{"line":10,"column":0},"end":{"line":10,"column":36}}},"fnMap":{},"branchMap":{"0":{"loc":{"start":{"line":2,"column":15},"end":{"line":2,"column":57}},"type":"binary-expr","locations":[{"start":{"line":2,"column":15},"end":{"line":2,"column":36}},{"start":{"line":2,"column":40},"end":{"line":2,"column":57}}],"line":2},"1":{"loc":{"start":{"line":3,"column":16},"end":{"line":3,"column":47}},"type":"binary-expr","locations":[{"start":{"line":3,"column":16},"end":{"line":3,"column":38}},{"start":{"line":3,"column":42},"end":{"line":3,"column":47}}],"line":3},"2":{"loc":{"start":{"line":4,"column":17},"end":{"line":4,"column":50}},"type":"binary-expr","locations":[{"start":{"line":4,"column":17},"end":{"line":4,"column":40}},{"start":{"line":4,"column":44},"end":{"line":4,"column":50}}],"line":4},"3":{"loc":{"start":{"line":5,"column":17},"end":{"line":5,"column":50}},"type":"binary-expr","locations":[{"start":{"line":5,"column":17},"end":{"line":5,"column":40}},{"start":{"line":5,"column":44},"end":{"line":5,"column":50}}],"line":5},"4":{"loc":{"start":{"line":6,"column":15},"end":{"line":6,"column":46}},"type":"binary-expr","locations":[{"start":{"line":6,"column":15},"end":{"line":6,"column":36}},{"start":{"line":6,"column":40},"end":{"line":6,"column":46}}],"line":6},"5":{"loc":{"start":{"line":7,"column":23},"end":{"line":7,"column":61}},"type":"binary-expr","locations":[{"start":{"line":7,"column":23},"end":{"line":7,"column":52}},{"start":{"line":7,"column":56},"end":{"line":7,"column":61}}],"line":7},"6":{"loc":{"start":{"line":8,"column":18},"end":{"line":8,"column":76}},"type":"binary-expr","locations":[{"start":{"line":8,"column":18},"end":{"line":8,"column":42}},{"start":{"line":8,"column":46},"end":{"line":8,"column":76}}],"line":8}},"s":{"0":1,"1":1},"f":{},"b":{"0":[1,1],"1":[1,1],"2":[1,1],"3":[1,1],"4":[1,1],"5":[1,1],"6":[1,1]},"inputSourceMap":{"version":3,"file":"default.js","sourceRoot":"","sources":["default.js"],"names":[],"mappings":"AAAA,MAAM,MAAM,GAAG;IACb,SAAS,EAAE,OAAO,CAAC,GAAG,CAAC,SAAS,IAAI,iBAAiB;IACrD,UAAU,EAAG,OAAO,CAAC,GAAG,CAAC,UAAU,IAAI,KAAK;IAC5C,WAAW,EAAE,OAAO,CAAC,GAAG,CAAC,WAAW,IAAI,MAAM;IAC9C,WAAW,EAAG,OAAO,CAAC,GAAG,CAAC,WAAW,IAAI,MAAM;IAC/C,SAAS,EAAE,OAAO,CAAC,GAAG,CAAC,SAAS,IAAI,MAAM;IAC1C,iBAAiB,EAAE,OAAO,CAAC,GAAG,CAAC,iBAAiB,IAAI,KAAK;IACzD,YAAY,EAAG,OAAO,CAAC,GAAG,CAAC,YAAY,IAAI,8BAA8B;CAC1E,CAAA;AACD,MAAM,CAAC,OAAO,GAAG,EAAE,MAAM,EAAE,MAAM,EAAE,CAAA","sourcesContent":["const config = {\n  MONGO_URL: process.env.MONGO_URL || '192.168.198.128',\n  MONGO_PORT : process.env.MONGO_PORT || 27017,\n  SERVER_PORT: process.env.SERVER_PORT || '4000',\n  SERVER_PATH : process.env.SERVER_PATH || '/api',\n  LOG_LEVEL: process.env.LOG_LEVEL || 'info',\n  SWAGGER_ACTIVATED: process.env.SWAGGER_ACTIVATED || false,\n  AUTH_JWT_KEY : process.env.AUTH_JWT_KEY || 'I015U2VjcmV0SldUNCFJbmV4eXM='\n}\nmodule.exports = { config: config }\n"]},"_coverageSchema":"332fd63041d2c1bcb487cc26dd0d5f7d97098a6c","hash":"445925fd3b1c67567cf0acbb7dd6f37ceb8c7642"}
,"C:\\workspace\\WS\\WS_UNI_CMS\\univ-cms\\src\\server\\app\\config\\test.js": {"path":"C:\\workspace\\WS\\WS_UNI_CMS\\univ-cms\\src\\server\\app\\config\\test.js","statementMap":{"0":{"start":{"line":1,"column":15},"end":{"line":6,"column":1}},"1":{"start":{"line":7,"column":0},"end":{"line":7,"column":36}}},"fnMap":{},"branchMap":{"0":{"loc":{"start":{"line":2,"column":15},"end":{"line":2,"column":57}},"type":"binary-expr","locations":[{"start":{"line":2,"column":15},"end":{"line":2,"column":36}},{"start":{"line":2,"column":40},"end":{"line":2,"column":57}}],"line":2},"1":{"loc":{"start":{"line":3,"column":16},"end":{"line":3,"column":47}},"type":"binary-expr","locations":[{"start":{"line":3,"column":16},"end":{"line":3,"column":38}},{"start":{"line":3,"column":42},"end":{"line":3,"column":47}}],"line":3},"2":{"loc":{"start":{"line":4,"column":15},"end":{"line":4,"column":46}},"type":"binary-expr","locations":[{"start":{"line":4,"column":15},"end":{"line":4,"column":36}},{"start":{"line":4,"column":40},"end":{"line":4,"column":46}}],"line":4},"3":{"loc":{"start":{"line":5,"column":23},"end":{"line":5,"column":61}},"type":"binary-expr","locations":[{"start":{"line":5,"column":23},"end":{"line":5,"column":52}},{"start":{"line":5,"column":56},"end":{"line":5,"column":61}}],"line":5}},"s":{"0":1,"1":1},"f":{},"b":{"0":[1,1],"1":[1,1],"2":[1,1],"3":[1,1]},"inputSourceMap":{"version":3,"file":"test.js","sourceRoot":"","sources":["test.js"],"names":[],"mappings":"AAAA,MAAM,MAAM,GAAG;IACb,SAAS,EAAE,OAAO,CAAC,GAAG,CAAC,SAAS,IAAI,iBAAiB;IACrD,UAAU,EAAG,OAAO,CAAC,GAAG,CAAC,UAAU,IAAI,KAAK;IAC5C,SAAS,EAAE,OAAO,CAAC,GAAG,CAAC,SAAS,IAAI,MAAM;IAC1C,iBAAiB,EAAE,OAAO,CAAC,GAAG,CAAC,iBAAiB,IAAI,KAAK;CAC1D,CAAC;AACF,MAAM,CAAC,OAAO,GAAG,EAAE,MAAM,EAAE,MAAM,EAAE,CAAA","sourcesContent":["const config = {\n  MONGO_URL: process.env.MONGO_URL || '192.168.198.130',\n  MONGO_PORT : process.env.MONGO_PORT || 27017,\n  LOG_LEVEL: process.env.LOG_LEVEL || \"info\",\n  SWAGGER_ACTIVATED: process.env.SWAGGER_ACTIVATED || false,\n};\nmodule.exports = { config: config }\n"]},"_coverageSchema":"332fd63041d2c1bcb487cc26dd0d5f7d97098a6c","hash":"ee3a4602b6f04c14b659705204e1c267727e3186"}
,"C:\\workspace\\WS\\WS_UNI_CMS\\univ-cms\\src\\server\\app\\dto\\page.dto.ts": {"path":"C:\\workspace\\WS\\WS_UNI_CMS\\univ-cms\\src\\server\\app\\dto\\page.dto.ts","statementMap":{"0":{"start":{"line":1,"column":17},"end":{"line":6,"column":1}},"1":{"start":{"line":2,"column":12},"end":{"line":2,"column":28}},"2":{"start":{"line":2,"column":34},"end":{"line":2,"column":125}},"3":{"start":{"line":3,"column":4},"end":{"line":4,"column":150}},"4":{"start":{"line":3,"column":79},"end":{"line":3,"column":131}},"5":{"start":{"line":4,"column":9},"end":{"line":4,"column":150}},"6":{"start":{"line":4,"column":58},"end":{"line":4,"column":150}},"7":{"start":{"line":4,"column":81},"end":{"line":4,"column":150}},"8":{"start":{"line":5,"column":4},"end":{"line":5,"column":66}},"9":{"start":{"line":7,"column":17},"end":{"line":9,"column":1}},"10":{"start":{"line":8,"column":4},"end":{"line":8,"column":109}},"11":{"start":{"line":8,"column":79},"end":{"line":8,"column":109}},"12":{"start":{"line":17,"column":0},"end":{"line":21,"column":37}},"13":{"start":{"line":19,"column":22},"end":{"line":19,"column":38}},"14":{"start":{"line":22,"column":0},"end":{"line":25,"column":43}},"15":{"start":{"line":26,"column":0},"end":{"line":31,"column":38}},"16":{"start":{"line":32,"column":0},"end":{"line":37,"column":43}},"17":{"start":{"line":34,"column":15},"end":{"line":34,"column":19}},"18":{"start":{"line":38,"column":0},"end":{"line":43,"column":43}},"19":{"start":{"line":40,"column":15},"end":{"line":40,"column":19}}},"fnMap":{"0":{"name":"(anonymous_0)","decl":{"start":{"line":1,"column":46},"end":{"line":1,"column":47}},"loc":{"start":{"line":1,"column":87},"end":{"line":6,"column":1}},"line":1},"1":{"name":"(anonymous_1)","decl":{"start":{"line":7,"column":46},"end":{"line":7,"column":47}},"loc":{"start":{"line":7,"column":62},"end":{"line":9,"column":1}},"line":7},"2":{"name":"(anonymous_2)","decl":{"start":{"line":19,"column":14},"end":{"line":19,"column":15}},"loc":{"start":{"line":19,"column":22},"end":{"line":19,"column":38}},"line":19},"3":{"name":"(anonymous_3)","decl":{"start":{"line":34,"column":9},"end":{"line":34,"column":10}},"loc":{"start":{"line":34,"column":15},"end":{"line":34,"column":19}},"line":34},"4":{"name":"(anonymous_4)","decl":{"start":{"line":40,"column":9},"end":{"line":40,"column":10}},"loc":{"start":{"line":40,"column":15},"end":{"line":40,"column":19}},"line":40}},"branchMap":{"0":{"loc":{"start":{"line":1,"column":17},"end":{"line":6,"column":1}},"type":"binary-expr","locations":[{"start":{"line":1,"column":18},"end":{"line":1,"column":22}},{"start":{"line":1,"column":26},"end":{"line":1,"column":41}},{"start":{"line":1,"column":46},"end":{"line":6,"column":1}}],"line":1},"1":{"loc":{"start":{"line":2,"column":34},"end":{"line":2,"column":125}},"type":"cond-expr","locations":[{"start":{"line":2,"column":42},"end":{"line":2,"column":48}},{"start":{"line":2,"column":51},"end":{"line":2,"column":125}}],"line":2},"2":{"loc":{"start":{"line":2,"column":51},"end":{"line":2,"column":125}},"type":"cond-expr","locations":[{"start":{"line":2,"column":67},"end":{"line":2,"column":118}},{"start":{"line":2,"column":121},"end":{"line":2,"column":125}}],"line":2},"3":{"loc":{"start":{"line":3,"column":4},"end":{"line":4,"column":150}},"type":"if","locations":[{"start":{"line":3,"column":4},"end":{"line":4,"column":150}},{"start":{"line":3,"column":4},"end":{"line":4,"column":150}}],"line":3},"4":{"loc":{"start":{"line":3,"column":8},"end":{"line":3,"column":77}},"type":"binary-expr","locations":[{"start":{"line":3,"column":8},"end":{"line":3,"column":35}},{"start":{"line":3,"column":39},"end":{"line":3,"column":77}}],"line":3},"5":{"loc":{"start":{"line":4,"column":58},"end":{"line":4,"column":150}},"type":"if","locations":[{"start":{"line":4,"column":58},"end":{"line":4,"column":150}},{"start":{"line":4,"column":58},"end":{"line":4,"column":150}}],"line":4},"6":{"loc":{"start":{"line":4,"column":85},"end":{"line":4,"column":149}},"type":"binary-expr","locations":[{"start":{"line":4,"column":86},"end":{"line":4,"column":143}},{"start":{"line":4,"column":148},"end":{"line":4,"column":149}}],"line":4},"7":{"loc":{"start":{"line":4,"column":86},"end":{"line":4,"column":143}},"type":"cond-expr","locations":[{"start":{"line":4,"column":94},"end":{"line":4,"column":98}},{"start":{"line":4,"column":101},"end":{"line":4,"column":143}}],"line":4},"8":{"loc":{"start":{"line":4,"column":101},"end":{"line":4,"column":143}},"type":"cond-expr","locations":[{"start":{"line":4,"column":109},"end":{"line":4,"column":126}},{"start":{"line":4,"column":129},"end":{"line":4,"column":143}}],"line":4},"9":{"loc":{"start":{"line":5,"column":11},"end":{"line":5,"column":62}},"type":"binary-expr","locations":[{"start":{"line":5,"column":11},"end":{"line":5,"column":16}},{"start":{"line":5,"column":20},"end":{"line":5,"column":21}},{"start":{"line":5,"column":25},"end":{"line":5,"column":62}}],"line":5},"10":{"loc":{"start":{"line":7,"column":17},"end":{"line":9,"column":1}},"type":"binary-expr","locations":[{"start":{"line":7,"column":18},"end":{"line":7,"column":22}},{"start":{"line":7,"column":26},"end":{"line":7,"column":41}},{"start":{"line":7,"column":46},"end":{"line":9,"column":1}}],"line":7},"11":{"loc":{"start":{"line":8,"column":4},"end":{"line":8,"column":109}},"type":"if","locations":[{"start":{"line":8,"column":4},"end":{"line":8,"column":109}},{"start":{"line":8,"column":4},"end":{"line":8,"column":109}}],"line":8},"12":{"loc":{"start":{"line":8,"column":8},"end":{"line":8,"column":77}},"type":"binary-expr","locations":[{"start":{"line":8,"column":8},"end":{"line":8,"column":35}},{"start":{"line":8,"column":39},"end":{"line":8,"column":77}}],"line":8},"13":{"loc":{"start":{"line":20,"column":30},"end":{"line":20,"column":118}},"type":"binary-expr","locations":[{"start":{"line":20,"column":30},"end":{"line":20,"column":102}},{"start":{"line":20,"column":106},"end":{"line":20,"column":108}},{"start":{"line":20,"column":112},"end":{"line":20,"column":118}}],"line":20},"14":{"loc":{"start":{"line":20,"column":43},"end":{"line":20,"column":86}},"type":"binary-expr","locations":[{"start":{"line":20,"column":43},"end":{"line":20,"column":74}},{"start":{"line":20,"column":78},"end":{"line":20,"column":86}}],"line":20},"15":{"loc":{"start":{"line":36,"column":30},"end":{"line":36,"column":110}},"type":"binary-expr","locations":[{"start":{"line":36,"column":30},"end":{"line":36,"column":94}},{"start":{"line":36,"column":98},"end":{"line":36,"column":100}},{"start":{"line":36,"column":104},"end":{"line":36,"column":110}}],"line":36},"16":{"loc":{"start":{"line":36,"column":43},"end":{"line":36,"column":78}},"type":"binary-expr","locations":[{"start":{"line":36,"column":43},"end":{"line":36,"column":70}},{"start":{"line":36,"column":74},"end":{"line":36,"column":78}}],"line":36},"17":{"loc":{"start":{"line":42,"column":30},"end":{"line":42,"column":110}},"type":"binary-expr","locations":[{"start":{"line":42,"column":30},"end":{"line":42,"column":94}},{"start":{"line":42,"column":98},"end":{"line":42,"column":100}},{"start":{"line":42,"column":104},"end":{"line":42,"column":110}}],"line":42},"18":{"loc":{"start":{"line":42,"column":43},"end":{"line":42,"column":78}},"type":"binary-expr","locations":[{"start":{"line":42,"column":43},"end":{"line":42,"column":70}},{"start":{"line":42,"column":74},"end":{"line":42,"column":78}}],"line":42}},"s":{"0":1,"1":5,"2":5,"3":5,"4":5,"5":0,"6":0,"7":0,"8":5,"9":1,"10":5,"11":5,"12":1,"13":1,"14":1,"15":1,"16":1,"17":1,"18":1,"19":0},"f":{"0":5,"1":5,"2":1,"3":1,"4":0},"b":{"0":[1,0,1],"1":[0,5],"2":[0,5],"3":[5,0],"4":[5,5],"5":[0,0],"6":[0,0],"7":[0,0],"8":[0,0],"9":[5,5,0],"10":[1,0,1],"11":[5,0],"12":[5,5],"13":[1,1,0],"14":[1,1],"15":[1,1,0],"16":[1,1],"17":[1,1,0],"18":[1,1]},"inputSourceMap":{"version":3,"file":"page.dto.js","sourceRoot":"","sources":["page.dto.ts"],"names":[],"mappings":";;;;;;;;;;AAAA,OAAO,EAAE,gBAAgB,EAAE,MAAM,iBAAiB,CAAC;AACnD,OAAO,EAAE,QAAQ,EAAE,SAAS,EAAE,MAAM,EAAE,MAAM,iBAAiB,CAAC;AAC9D,OAAO,EAAE,IAAI,EAAE,SAAS,EAAE,MAAM,mBAAmB,CAAC;AACpD,OAAO,EAAE,QAAQ,EAAE,MAAM,SAAS,CAAC;AAInC,MAAM;CAyBL;AArBC;IAFC,gBAAgB,EAAE;IAClB,SAAS,CAAC,CAAC,EAAU,EAAE,EAAE,CAAE,IAAI,QAAQ,CAAC,EAAE,CAAC,EAAE,EAAC,WAAW,EAAG,IAAI,EAAC,CAAC;kDAC7D,QAAQ,oBAAR,QAAQ;oCAAC;AAGf;IADC,QAAQ,EAAE;;0CACQ;AAKnB;IAHC,QAAQ,EAAE;IACV,SAAS,EAAE;IACX,gBAAgB,EAAE;;qCACN;AAKb;IAHC,gBAAgB,EAAE;IAClB,IAAI,CAAC,GAAG,EAAE,CAAC,IAAI,CAAC;IAChB,MAAM,EAAE;kDACG,IAAI,oBAAJ,IAAI;0CAAC;AAKjB;IAHC,gBAAgB,EAAE;IAClB,IAAI,CAAC,GAAG,EAAE,CAAC,IAAI,CAAC;IAChB,MAAM,EAAE;kDACG,IAAI,oBAAJ,IAAI;0CAAC","sourcesContent":["import { ApiModelProperty } from '@nestjs/swagger';\nimport { IsString, IsDefined, IsDate } from 'class-validator';\nimport { Type, Transform } from 'class-transformer';\nimport { ObjectID } from 'mongodb';\nimport { ContentDto } from './content.dto';\nimport { Page } from '@shared/interface/page.int';\n\nexport class PageDto implements Page {\n\n  @ApiModelProperty()\n  @Transform((id: string) =>  new ObjectID(id), {toClassOnly : true})\n  _id?: ObjectID;\n\n  @IsString()\n  reference?: string;\n\n  @IsString()\n  @IsDefined()\n  @ApiModelProperty()\n  name: string;\n\n  @ApiModelProperty()\n  @Type(() => Date)\n  @IsDate()\n  createdOn?: Date;\n\n  @ApiModelProperty()\n  @Type(() => Date)\n  @IsDate()\n  updatedOn?: Date;\n\n  content?: ContentDto;\n}\n"]},"_coverageSchema":"332fd63041d2c1bcb487cc26dd0d5f7d97098a6c","hash":"fab18af5ea4e3bf0a326eef6d4480e304008b14d"}
,"C:\\workspace\\WS\\WS_UNI_CMS\\univ-cms\\src\\server\\app\\repository\\repository.module.ts": {"path":"C:\\workspace\\WS\\WS_UNI_CMS\\univ-cms\\src\\server\\app\\repository\\repository.module.ts","statementMap":{"0":{"start":{"line":1,"column":17},"end":{"line":6,"column":1}},"1":{"start":{"line":2,"column":12},"end":{"line":2,"column":28}},"2":{"start":{"line":2,"column":34},"end":{"line":2,"column":125}},"3":{"start":{"line":3,"column":4},"end":{"line":4,"column":150}},"4":{"start":{"line":3,"column":79},"end":{"line":3,"column":131}},"5":{"start":{"line":4,"column":9},"end":{"line":4,"column":150}},"6":{"start":{"line":4,"column":58},"end":{"line":4,"column":150}},"7":{"start":{"line":4,"column":81},"end":{"line":4,"column":150}},"8":{"start":{"line":5,"column":4},"end":{"line":5,"column":66}},"9":{"start":{"line":11,"column":21},"end":{"line":13,"column":1}},"10":{"start":{"line":14,"column":23},"end":{"line":15,"column":1}},"11":{"start":{"line":16,"column":0},"end":{"line":23,"column":21}}},"fnMap":{"0":{"name":"(anonymous_0)","decl":{"start":{"line":1,"column":46},"end":{"line":1,"column":47}},"loc":{"start":{"line":1,"column":87},"end":{"line":6,"column":1}},"line":1}},"branchMap":{"0":{"loc":{"start":{"line":1,"column":17},"end":{"line":6,"column":1}},"type":"binary-expr","locations":[{"start":{"line":1,"column":18},"end":{"line":1,"column":22}},{"start":{"line":1,"column":26},"end":{"line":1,"column":41}},{"start":{"line":1,"column":46},"end":{"line":6,"column":1}}],"line":1},"1":{"loc":{"start":{"line":2,"column":34},"end":{"line":2,"column":125}},"type":"cond-expr","locations":[{"start":{"line":2,"column":42},"end":{"line":2,"column":48}},{"start":{"line":2,"column":51},"end":{"line":2,"column":125}}],"line":2},"2":{"loc":{"start":{"line":2,"column":51},"end":{"line":2,"column":125}},"type":"cond-expr","locations":[{"start":{"line":2,"column":67},"end":{"line":2,"column":118}},{"start":{"line":2,"column":121},"end":{"line":2,"column":125}}],"line":2},"3":{"loc":{"start":{"line":3,"column":4},"end":{"line":4,"column":150}},"type":"if","locations":[{"start":{"line":3,"column":4},"end":{"line":4,"column":150}},{"start":{"line":3,"column":4},"end":{"line":4,"column":150}}],"line":3},"4":{"loc":{"start":{"line":3,"column":8},"end":{"line":3,"column":77}},"type":"binary-expr","locations":[{"start":{"line":3,"column":8},"end":{"line":3,"column":35}},{"start":{"line":3,"column":39},"end":{"line":3,"column":77}}],"line":3},"5":{"loc":{"start":{"line":4,"column":58},"end":{"line":4,"column":150}},"type":"if","locations":[{"start":{"line":4,"column":58},"end":{"line":4,"column":150}},{"start":{"line":4,"column":58},"end":{"line":4,"column":150}}],"line":4},"6":{"loc":{"start":{"line":4,"column":85},"end":{"line":4,"column":149}},"type":"binary-expr","locations":[{"start":{"line":4,"column":86},"end":{"line":4,"column":143}},{"start":{"line":4,"column":148},"end":{"line":4,"column":149}}],"line":4},"7":{"loc":{"start":{"line":4,"column":86},"end":{"line":4,"column":143}},"type":"cond-expr","locations":[{"start":{"line":4,"column":94},"end":{"line":4,"column":98}},{"start":{"line":4,"column":101},"end":{"line":4,"column":143}}],"line":4},"8":{"loc":{"start":{"line":4,"column":101},"end":{"line":4,"column":143}},"type":"cond-expr","locations":[{"start":{"line":4,"column":109},"end":{"line":4,"column":126}},{"start":{"line":4,"column":129},"end":{"line":4,"column":143}}],"line":4},"9":{"loc":{"start":{"line":5,"column":11},"end":{"line":5,"column":62}},"type":"binary-expr","locations":[{"start":{"line":5,"column":11},"end":{"line":5,"column":16}},{"start":{"line":5,"column":20},"end":{"line":5,"column":21}},{"start":{"line":5,"column":25},"end":{"line":5,"column":62}}],"line":5}},"s":{"0":1,"1":1,"2":1,"3":1,"4":1,"5":0,"6":0,"7":0,"8":1,"9":1,"10":1,"11":1},"f":{"0":1},"b":{"0":[1,0,1],"1":[1,0],"2":[0,0],"3":[1,0],"4":[1,1],"5":[0,0],"6":[0,0],"7":[0,0],"8":[0,0],"9":[1,0,0]},"inputSourceMap":{"version":3,"file":"repository.module.js","sourceRoot":"","sources":["repository.module.ts"],"names":[],"mappings":";;;;;;AAAA,OAAO,EAAE,MAAM,EAAE,MAAM,gBAAgB,CAAC;AACxC,OAAO,EAAE,mBAAmB,EAAE,MAAM,gCAAgC,CAAC;AACrE,OAAO,EAAE,aAAa,EAAE,MAAM,iBAAiB,CAAC;AAChD,OAAO,EAAE,UAAU,EAAE,MAAM,gCAAgC,CAAC;AAE5D,MAAM,YAAY,GAAI;IACpB,mBAAmB;CACpB,CAAC;AAQF,IAAa,gBAAgB,GAA7B;CACC,CAAA;AADY,gBAAgB;IAN5B,MAAM,CAAC;QACN,OAAO,EAAE,CAAC,aAAa,CAAC,UAAU,CAAC,CAAC,UAAU,CAAC,CAAC,CAAC;QACjD,WAAW,EAAE,EAAE;QACf,SAAS,EAAE,CAAC,GAAG,YAAY,CAAC;QAC5B,OAAO,EAAG,CAAC,GAAG,YAAY,CAAC;KAC5B,CAAC;GACW,gBAAgB,CAC5B;SADY,gBAAgB","sourcesContent":["import { Module } from '@nestjs/common';\nimport { PageMongoRepository } from './repositories/page.repository';\nimport { TypeOrmModule } from '@nestjs/typeorm';\nimport { PageEntity } from '@repository/schema/page.entity';\n\nconst repositories  = [\n  PageMongoRepository,\n];\n\n@Module({\n  imports: [TypeOrmModule.forFeature([PageEntity])],\n  controllers: [],\n  providers: [...repositories],\n  exports : [...repositories],\n})\nexport class RepositoryModule {\n}\n"]},"_coverageSchema":"332fd63041d2c1bcb487cc26dd0d5f7d97098a6c","hash":"1bda8196957cf6c587eb55121fb891f2d5e4944c"}
,"C:\\workspace\\WS\\WS_UNI_CMS\\univ-cms\\src\\server\\app\\repository\\enum\\role.enum.ts": {"path":"C:\\workspace\\WS\\WS_UNI_CMS\\univ-cms\\src\\server\\app\\repository\\enum\\role.enum.ts","statementMap":{"0":{"start":{"line":2,"column":0},"end":{"line":7,"column":24}},"1":{"start":{"line":3,"column":4},"end":{"line":3,"column":26}},"2":{"start":{"line":4,"column":4},"end":{"line":4,"column":32}},"3":{"start":{"line":5,"column":4},"end":{"line":5,"column":32}},"4":{"start":{"line":6,"column":4},"end":{"line":6,"column":29}}},"fnMap":{"0":{"name":"(anonymous_0)","decl":{"start":{"line":2,"column":1},"end":{"line":2,"column":2}},"loc":{"start":{"line":2,"column":17},"end":{"line":7,"column":1}},"line":2}},"branchMap":{"0":{"loc":{"start":{"line":7,"column":3},"end":{"line":7,"column":22}},"type":"binary-expr","locations":[{"start":{"line":7,"column":3},"end":{"line":7,"column":7}},{"start":{"line":7,"column":12},"end":{"line":7,"column":21}}],"line":7}},"s":{"0":1,"1":1,"2":1,"3":1,"4":1},"f":{"0":1},"b":{"0":[1,1]},"inputSourceMap":{"version":3,"file":"role.enum.js","sourceRoot":"","sources":["role.enum.ts"],"names":[],"mappings":"AAAA,MAAM,CAAN,IAAY,IAKX;AALD,WAAY,IAAI;IACd,qBAAa,CAAA;IACb,2BAAmB,CAAA;IACnB,2BAAmB,CAAA;IACnB,wBAAgB,CAAA;AAClB,CAAC,EALW,IAAI,KAAJ,IAAI,QAKf","sourcesContent":["export enum Role {\n  USER = 'USER',\n  PREMIUM = 'PREMIUM',\n  MANAGER = 'MANAGER',\n  ADMIN = 'ADMIN ',\n}"]},"_coverageSchema":"332fd63041d2c1bcb487cc26dd0d5f7d97098a6c","hash":"af5ad1e4442364648e94e5dd5051a41a8fe9a2d1"}
,"C:\\workspace\\WS\\WS_UNI_CMS\\univ-cms\\src\\server\\app\\repository\\repositories\\page.repository.ts": {"path":"C:\\workspace\\WS\\WS_UNI_CMS\\univ-cms\\src\\server\\app\\repository\\repositories\\page.repository.ts","statementMap":{"0":{"start":{"line":1,"column":17},"end":{"line":6,"column":1}},"1":{"start":{"line":2,"column":12},"end":{"line":2,"column":28}},"2":{"start":{"line":2,"column":34},"end":{"line":2,"column":125}},"3":{"start":{"line":3,"column":4},"end":{"line":4,"column":150}},"4":{"start":{"line":3,"column":79},"end":{"line":3,"column":131}},"5":{"start":{"line":4,"column":9},"end":{"line":4,"column":150}},"6":{"start":{"line":4,"column":58},"end":{"line":4,"column":150}},"7":{"start":{"line":4,"column":81},"end":{"line":4,"column":150}},"8":{"start":{"line":5,"column":4},"end":{"line":5,"column":66}},"9":{"start":{"line":7,"column":17},"end":{"line":9,"column":1}},"10":{"start":{"line":8,"column":4},"end":{"line":8,"column":109}},"11":{"start":{"line":8,"column":79},"end":{"line":8,"column":109}},"12":{"start":{"line":10,"column":14},"end":{"line":12,"column":1}},"13":{"start":{"line":11,"column":4},"end":{"line":11,"column":73}},"14":{"start":{"line":11,"column":36},"end":{"line":11,"column":71}},"15":{"start":{"line":18,"column":26},"end":{"line":25,"column":1}},"16":{"start":{"line":20,"column":8},"end":{"line":20,"column":45}},"17":{"start":{"line":23,"column":8},"end":{"line":23,"column":35}},"18":{"start":{"line":26,"column":0},"end":{"line":30,"column":24}}},"fnMap":{"0":{"name":"(anonymous_0)","decl":{"start":{"line":1,"column":46},"end":{"line":1,"column":47}},"loc":{"start":{"line":1,"column":87},"end":{"line":6,"column":1}},"line":1},"1":{"name":"(anonymous_1)","decl":{"start":{"line":7,"column":46},"end":{"line":7,"column":47}},"loc":{"start":{"line":7,"column":62},"end":{"line":9,"column":1}},"line":7},"2":{"name":"(anonymous_2)","decl":{"start":{"line":10,"column":40},"end":{"line":10,"column":41}},"loc":{"start":{"line":10,"column":73},"end":{"line":12,"column":1}},"line":10},"3":{"name":"(anonymous_3)","decl":{"start":{"line":11,"column":11},"end":{"line":11,"column":12}},"loc":{"start":{"line":11,"column":34},"end":{"line":11,"column":73}},"line":11},"4":{"name":"(anonymous_4)","decl":{"start":{"line":19,"column":4},"end":{"line":19,"column":5}},"loc":{"start":{"line":19,"column":32},"end":{"line":21,"column":5}},"line":19},"5":{"name":"(anonymous_5)","decl":{"start":{"line":22,"column":4},"end":{"line":22,"column":5}},"loc":{"start":{"line":22,"column":24},"end":{"line":24,"column":5}},"line":22}},"branchMap":{"0":{"loc":{"start":{"line":1,"column":17},"end":{"line":6,"column":1}},"type":"binary-expr","locations":[{"start":{"line":1,"column":18},"end":{"line":1,"column":22}},{"start":{"line":1,"column":26},"end":{"line":1,"column":41}},{"start":{"line":1,"column":46},"end":{"line":6,"column":1}}],"line":1},"1":{"loc":{"start":{"line":2,"column":34},"end":{"line":2,"column":125}},"type":"cond-expr","locations":[{"start":{"line":2,"column":42},"end":{"line":2,"column":48}},{"start":{"line":2,"column":51},"end":{"line":2,"column":125}}],"line":2},"2":{"loc":{"start":{"line":2,"column":51},"end":{"line":2,"column":125}},"type":"cond-expr","locations":[{"start":{"line":2,"column":67},"end":{"line":2,"column":118}},{"start":{"line":2,"column":121},"end":{"line":2,"column":125}}],"line":2},"3":{"loc":{"start":{"line":3,"column":4},"end":{"line":4,"column":150}},"type":"if","locations":[{"start":{"line":3,"column":4},"end":{"line":4,"column":150}},{"start":{"line":3,"column":4},"end":{"line":4,"column":150}}],"line":3},"4":{"loc":{"start":{"line":3,"column":8},"end":{"line":3,"column":77}},"type":"binary-expr","locations":[{"start":{"line":3,"column":8},"end":{"line":3,"column":35}},{"start":{"line":3,"column":39},"end":{"line":3,"column":77}}],"line":3},"5":{"loc":{"start":{"line":4,"column":58},"end":{"line":4,"column":150}},"type":"if","locations":[{"start":{"line":4,"column":58},"end":{"line":4,"column":150}},{"start":{"line":4,"column":58},"end":{"line":4,"column":150}}],"line":4},"6":{"loc":{"start":{"line":4,"column":85},"end":{"line":4,"column":149}},"type":"binary-expr","locations":[{"start":{"line":4,"column":86},"end":{"line":4,"column":143}},{"start":{"line":4,"column":148},"end":{"line":4,"column":149}}],"line":4},"7":{"loc":{"start":{"line":4,"column":86},"end":{"line":4,"column":143}},"type":"cond-expr","locations":[{"start":{"line":4,"column":94},"end":{"line":4,"column":98}},{"start":{"line":4,"column":101},"end":{"line":4,"column":143}}],"line":4},"8":{"loc":{"start":{"line":4,"column":101},"end":{"line":4,"column":143}},"type":"cond-expr","locations":[{"start":{"line":4,"column":109},"end":{"line":4,"column":126}},{"start":{"line":4,"column":129},"end":{"line":4,"column":143}}],"line":4},"9":{"loc":{"start":{"line":5,"column":11},"end":{"line":5,"column":62}},"type":"binary-expr","locations":[{"start":{"line":5,"column":11},"end":{"line":5,"column":16}},{"start":{"line":5,"column":20},"end":{"line":5,"column":21}},{"start":{"line":5,"column":25},"end":{"line":5,"column":62}}],"line":5},"10":{"loc":{"start":{"line":7,"column":17},"end":{"line":9,"column":1}},"type":"binary-expr","locations":[{"start":{"line":7,"column":18},"end":{"line":7,"column":22}},{"start":{"line":7,"column":26},"end":{"line":7,"column":41}},{"start":{"line":7,"column":46},"end":{"line":9,"column":1}}],"line":7},"11":{"loc":{"start":{"line":8,"column":4},"end":{"line":8,"column":109}},"type":"if","locations":[{"start":{"line":8,"column":4},"end":{"line":8,"column":109}},{"start":{"line":8,"column":4},"end":{"line":8,"column":109}}],"line":8},"12":{"loc":{"start":{"line":8,"column":8},"end":{"line":8,"column":77}},"type":"binary-expr","locations":[{"start":{"line":8,"column":8},"end":{"line":8,"column":35}},{"start":{"line":8,"column":39},"end":{"line":8,"column":77}}],"line":8},"13":{"loc":{"start":{"line":10,"column":14},"end":{"line":12,"column":1}},"type":"binary-expr","locations":[{"start":{"line":10,"column":15},"end":{"line":10,"column":19}},{"start":{"line":10,"column":23},"end":{"line":10,"column":35}},{"start":{"line":10,"column":40},"end":{"line":12,"column":1}}],"line":10},"14":{"loc":{"start":{"line":29,"column":37},"end":{"line":29,"column":129}},"type":"binary-expr","locations":[{"start":{"line":29,"column":37},"end":{"line":29,"column":113}},{"start":{"line":29,"column":117},"end":{"line":29,"column":119}},{"start":{"line":29,"column":123},"end":{"line":29,"column":129}}],"line":29},"15":{"loc":{"start":{"line":29,"column":50},"end":{"line":29,"column":97}},"type":"binary-expr","locations":[{"start":{"line":29,"column":50},"end":{"line":29,"column":83}},{"start":{"line":29,"column":87},"end":{"line":29,"column":97}}],"line":29}},"s":{"0":1,"1":1,"2":1,"3":1,"4":1,"5":0,"6":0,"7":0,"8":1,"9":1,"10":1,"11":1,"12":1,"13":1,"14":1,"15":1,"16":1,"17":2,"18":1},"f":{"0":1,"1":1,"2":1,"3":1,"4":1,"5":2},"b":{"0":[1,0,1],"1":[1,0],"2":[0,0],"3":[1,0],"4":[1,1],"5":[0,0],"6":[0,0],"7":[0,0],"8":[0,0],"9":[1,0,0],"10":[1,0,1],"11":[1,0],"12":[1,1],"13":[1,0,1],"14":[1,1,0],"15":[1,1]},"inputSourceMap":{"version":3,"file":"page.repository.js","sourceRoot":"","sources":["page.repository.ts"],"names":[],"mappings":";;;;;;;;;;;;;AAAA,OAAO,EAAE,UAAU,EAAE,MAAM,gBAAgB,CAAC;AAC5C,OAAO,EAAE,UAAU,EAAE,MAAM,SAAS,CAAC;AACrC,OAAO,EAAE,gBAAgB,EAAE,MAAM,iBAAiB,CAAC;AACnD,OAAO,EAAE,UAAU,EAAE,MAAM,uBAAuB,CAAC;AAGnD,IAAa,mBAAmB,GAAhC;IAEE,YACiB,cAAsC;QAAtC,mBAAc,GAAd,cAAc,CAAwB;IACvD,CAAC;IAEM,iBAAiB;QACtB,OAAO,IAAI,CAAC,cAAc,CAAC;IAC7B,CAAC;CACF,CAAA;AATY,mBAAmB;IAD/B,UAAU,EAAE;IAGE,WAAA,gBAAgB,CAAC,UAAU,CAAC,CAAA;yDACR,UAAU,oBAAV,UAAU;GAHhC,mBAAmB,CAS/B;SATY,mBAAmB","sourcesContent":["import { Injectable } from '@nestjs/common';\nimport { Repository } from 'typeorm';\nimport { InjectRepository } from '@nestjs/typeorm';\nimport { PageEntity } from '../schema/page.entity';\n\n@Injectable()\nexport class PageMongoRepository {\n\n  constructor(
[...]
t":{"line":2,"column":121},"end":{"line":2,"column":125}}],"line":2},"3":{"loc":{"start":{"line":3,"column":4},"end":{"line":4,"column":150}},"type":"if","locations":[{"start":{"line":3,"column":4},"end":{"line":4,"column":150}},{"start":{"line":3,"column":4},"end":{"line":4,"column":150}}],"line":3},"4":{"loc":{"start":{"line":3,"column":8},"end":{"line":3,"column":77}},"type":"binary-expr","locations":[{"start":{"line":3,"column":8},"end":{"line":3,"column":35}},{"start":{"line":3,"column":39},"end":{"line":3,"column":77}}],"line":3},"5":{"loc":{"start":{"line":4,"column":58},"end":{"line":4,"column":150}},"type":"if","locations":[{"start":{"line":4,"column":58},"end":{"line":4,"column":150}},{"start":{"line":4,"column":58},"end":{"line":4,"column":150}}],"line":4},"6":{"loc":{"start":{"line":4,"column":85},"end":{"line":4,"column":149}},"type":"binary-expr","locations":[{"start":{"line":4,"column":86},"end":{"line":4,"column":143}},{"start":{"line":4,"column":148},"end":{"line":4,"column":149}}],"line":4},"7":{"loc":{"start":{"line":4,"column":86},"end":{"line":4,"column":143}},"type":"cond-expr","locations":[{"start":{"line":4,"column":94},"end":{"line":4,"column":98}},{"start":{"line":4,"column":101},"end":{"line":4,"column":143}}],"line":4},"8":{"loc":{"start":{"line":4,"column":101},"end":{"line":4,"column":143}},"type":"cond-expr","locations":[{"start":{"line":4,"column":109},"end":{"line":4,"column":126}},{"start":{"line":4,"column":129},"end":{"line":4,"column":143}}],"line":4},"9":{"loc":{"start":{"line":5,"column":11},"end":{"line":5,"column":62}},"type":"binary-expr","locations":[{"start":{"line":5,"column":11},"end":{"line":5,"column":16}},{"start":{"line":5,"column":20},"end":{"line":5,"column":21}},{"start":{"line":5,"column":25},"end":{"line":5,"column":62}}],"line":5},"10":{"loc":{"start":{"line":11,"column":8},"end":{"line":13,"column":9}},"type":"if","locations":[{"start":{"line":11,"column":8},"end":{"line":13,"column":9}},{"start":{"line":11,"column":8},"end":{"line":13,"column":9}}],"line":11}},"s":{"0":1,"1":1,"2":1,"3":1,"4":1,"5":0,"6":0,"7":0,"8":1,"9":1,"10":6,"11":6,"12":6,"13":6,"14":1},"f":{"0":1,"1":6},"b":{"0":[1,0,1],"1":[1,0],"2":[0,0],"3":[1,0],"4":[1,1],"5":[0,0],"6":[0,0],"7":[0,0],"8":[0,0],"9":[1,0,0],"10":[6,0]},"inputSourceMap":{"version":3,"file":"auth.service.mock.js","sourceRoot":"","sources":["auth.service.mock.ts"],"names":[],"mappings":";;;;;;AAAA,OAAO,EAAE,UAAU,EAAE,MAAM,gBAAgB,CAAC;AAG5C,IAAa,eAAe,GAA5B;IAES,YAAY,CAAC,GAAG,EAAE,IAAI;QAC3B,MAAM,IAAI,GAAG,GAAG,CAAC,OAAO,CAAC,IAAI,CAAC;QAC9B,IAAI,IAAI,EAAE;YACR,GAAG,CAAC,IAAI,GAAG,IAAI,CAAC,KAAK,CAAC,IAAI,CAAC,CAAC;SAC7B;QACD,IAAI,EAAE,CAAC;IACT,CAAC;CACF,CAAA;AATY,eAAe;IAD3B,UAAU,EAAE;GACA,eAAe,CAS3B;SATY,eAAe","sourcesContent":["import { Injectable } from '@nestjs/common';\n\n@Injectable()\nexport class AuthServiceMock {\n\n  public authenticate(req, next) {\n    const auth = req.headers.auth;\n    if (auth) {\n      req.user = JSON.parse(auth);\n    }\n    next();\n  }\n}\n"]},"_coverageSchema":"332fd63041d2c1bcb487cc26dd0d5f7d97098a6c","hash":"fdeebc09ea08f37f9411c2ac7e5b9ade49c33286"}
,"C:\\workspace\\WS\\WS_UNI_CMS\\univ-cms\\src\\server\\e2e\\routes\\page.controller.e2e-spec.ts": {"path":"C:\\workspace\\WS\\WS_UNI_CMS\\univ-cms\\src\\server\\e2e\\routes\\page.controller.e2e-spec.ts","statementMap":{"0":{"start":{"line":1,"column":16},"end":{"line":8,"column":1}},"1":{"start":{"line":2,"column":4},"end":{"line":7,"column":7}},"2":{"start":{"line":3,"column":36},"end":{"line":3,"column":97}},"3":{"start":{"line":3,"column":42},"end":{"line":3,"column":70}},"4":{"start":{"line":3,"column":85},"end":{"line":3,"column":95}},"5":{"start":{"line":4,"column":35},"end":{"line":4,"column":100}},"6":{"start":{"line":4,"column":41},"end":{"line":4,"column":73}},"7":{"start":{"line":4,"column":88},"end":{"line":4,"column":98}},"8":{"start":{"line":5,"column":32},"end":{"line":5,"column":149}},"9":{"start":{"line":5,"column":97},"end":{"line":5,"column":119}},"10":{"start":{"line":6,"column":8},"end":{"line":6,"column":78}},"11":{"start":{"line":9,"column":16},"end":{"line":9,"column":36}},"12":{"start":{"line":12,"column":21},"end":{"line":12,"column":63}},"13":{"start":{"line":13,"column":0},"end":{"line":76,"column":3}},"14":{"start":{"line":14,"column":4},"end":{"line":23,"column":8}},"15":{"start":{"line":14,"column":20},"end":{"line":23,"column":6}},"16":{"start":{"line":15,"column":8},"end":{"line":15,"column":53}},"17":{"start":{"line":16,"column":8},"end":{"line":22,"column":9}},"18":{"start":{"line":17,"column":12},"end":{"line":17,"column":41}},"19":{"start":{"line":20,"column":12},"end":{"line":20,"column":68}},"20":{"start":{"line":21,"column":12},"end":{"line":21,"column":50}},"21":{"start":{"line":24,"column":4},"end":{"line":26,"column":8}},"22":{"start":{"line":24,"column":19},"end":{"line":26,"column":6}},"23":{"start":{"line":25,"column":8},"end":{"line":25,"column":50}},"24":{"start":{"line":28,"column":4},"end":{"line":41,"column":8}},"25":{"start":{"line":28,"column":35},"end":{"line":41,"column":6}},"26":{"start":{"line":29,"column":8},"end":{"line":31,"column":10}},"27":{"start":{"line":32,"column":20},"end":{"line":34,"column":30}},"28":{"start":{"line":35,"column":8},"end":{"line":35,"column":55}},"29":{"start":{"line":36,"column":8},"end":{"line":36,"column":43}},"30":{"start":{"line":37,"column":8},"end":{"line":37,"column":49}},"31":{"start":{"line":38,"column":8},"end":{"line":38,"column":49}},"32":{"start":{"line":39,"column":8},"end":{"line":39,"column":56}},"33":{"start":{"line":40,"column":8},"end":{"line":40,"column":31}},"34":{"start":{"line":42,"column":4},"end":{"line":53,"column":8}},"35":{"start":{"line":42,"column":35},"end":{"line":53,"column":6}},"36":{"start":{"line":43,"column":8},"end":{"line":43,"column":41}},"37":{"start":{"line":44,"column":20},"end":{"line":47,"column":40}},"38":{"start":{"line":48,"column":8},"end":{"line":48,"column":54}},"39":{"start":{"line":49,"column":8},"end":{"line":49,"column":56}},"40":{"start":{"line":50,"column":8},"end":{"line":50,"column":66}},"41":{"start":{"line":51,"column":8},"end":{"line":51,"column":49}},"42":{"start":{"line":52,"column":8},"end":{"line":52,"column":31}},"43":{"start":{"line":54,"column":4},"end":{"line":63,"column":8}},"44":{"start":{"line":54,"column":32},"end":{"line":63,"column":6}},"45":{"start":{"line":55,"column":20},"end":{"line":56,"column":54}},"46":{"start":{"line":57,"column":8},"end":{"line":57,"column":50}},"47":{"start":{"line":58,"column":8},"end":{"line":58,"column":54}},"48":{"start":{"line":59,"column":8},"end":{"line":59,"column":56}},"49":{"start":{"line":60,"column":8},"end":{"line":60,"column":66}},"50":{"start":{"line":61,"column":8},"end":{"line":61,"column":66}},"51":{"start":{"line":62,"column":8},"end":{"line":62,"column":66}},"52":{"start":{"line":64,"column":4},"end":{"line":68,"column":8}},"53":{"start":{"line":64,"column":38},"end":{"line":68,"column":6}},"54":{"start":{"line":65,"column":20},"end":{"line":66,"column":54}},"55":{"start":{"line":67,"column":8},"end":{"line":67,"column":57}},"56":{"start":{"line":69,"column":4},"end":{"line":75,"column":8}},"57":{"start":{"line":69,"column":35},"end":{"line":75,"column":6}},"58":{"start":{"line":70,"column":8},"end":{"line":71,"column":55}},"59":{"start":{"line":72,"column":20},"end":{"line":73,"column":54}},"60":{"start":{"line":74,"column":8},"end":{"line":74,"column":57}}},"fnMap":{"0":{"name":"(anonymous_0)","decl":{"start":{"line":1,"column":44},"end":{"line":1,"column":45}},"loc":{"start":{"line":1,"column":89},"end":{"line":8,"column":1}},"line":1},"1":{"name":"(anonymous_1)","decl":{"start":{"line":2,"column":36},"end":{"line":2,"column":37}},"loc":{"start":{"line":2,"column":63},"end":{"line":7,"column":5}},"line":2},"2":{"name":"fulfilled","decl":{"start":{"line":3,"column":17},"end":{"line":3,"column":26}},"loc":{"start":{"line":3,"column":34},"end":{"line":3,"column":99}},"line":3},"3":{"name":"rejected","decl":{"start":{"line":4,"column":17},"end":{"line":4,"column":25}},"loc":{"start":{"line":4,"column":33},"end":{"line":4,"column":102}},"line":4},"4":{"name":"step","decl":{"start":{"line":5,"column":17},"end":{"line":5,"column":21}},"loc":{"start":{"line":5,"column":30},"end":{"line":5,"column":151}},"line":5},"5":{"name":"(anonymous_5)","decl":{"start":{"line":5,"column":76},"end":{"line":5,"column":77}},"loc":{"start":{"line":5,"column":95},"end":{"line":5,"column":121}},"line":5},"6":{"name":"(anonymous_6)","decl":{"start":{"line":13,"column":33},"end":{"line":13,"column":34}},"loc":{"start":{"line":13,"column":39},"end":{"line":76,"column":1}},"line":13},"7":{"name":"(anonymous_7)","decl":{"start":{"line":14,"column":14},"end":{"line":14,"column":15}},"loc":{"start":{"line":14,"column":20},"end":{"line":23,"column":6}},"line":14},"8":{"name":"(anonymous_8)","decl":{"start":{"line":14,"column":52},"end":{"line":14,"column":53}},"loc":{"start":{"line":14,"column":65},"end":{"line":23,"column":5}},"line":14},"9":{"name":"(anonymous_9)","decl":{"start":{"line":24,"column":13},"end":{"line":24,"column":14}},"loc":{"start":{"line":24,"column":19},"end":{"line":26,"column":6}},"line":24},"10":{"name":"(anonymous_10)","decl":{"start":{"line":24,"column":51},"end":{"line":24,"column":52}},"loc":{"start":{"line":24,"column":64},"end":{"line":26,"column":5}},"line":24},"11":{"name":"(anonymous_11)","decl":{"start":{"line":28,"column":29},"end":{"line":28,"column":30}},"loc":{"start":{"line":28,"column":35},"end":{"line":41,"column":6}},"line":28},"12":{"name":"(anonymous_12)","decl":{"start":{"line":28,"column":67},"end":{"line":28,"column":68}},"loc":{"start":{"line":28,"column":80},"end":{"line":41,"column":5}},"line":28},"13":{"name":"(anonymous_13)","decl":{"start":{"line":42,"column":29},"end":{"line":42,"column":30}},"loc":{"start":{"line":42,"column":35},"end":{"line":53,"column":6}},"line":42},"14":{"name":"(anonymous_14)","decl":{"start":{"line":42,"column":67},"end":{"line":42,"column":68}},"loc":{"start":{"line":42,"column":80},"end":{"line":53,"column":5}},"line":42},"15":{"name":"(anonymous_15)","decl":{"start":{"line":54,"column":26},"end":{"line":54,"column":27}},"loc":{"start":{"line":54,"column":32},"end":{"line":63,"column":6}},"line":54},"16":{"name":"(anonymous_16)","decl":{"start":{"line":54,"column":64},"end":{"line":54,"column":65}},"loc":{"start":{"line":54,"column":77},"end":{"line":63,"column":5}},"line":54},"17":{"name":"(anonymous_17)","decl":{"start":{"line":64,"column":32},"end":{"line":64,"column":33}},"loc":{"start":{"line":64,"column":38},"end":{"line":68,"column":6}},"line":64},"18":{"name":"(anonymous_18)","decl":{"start":{"line":64,"column":70},"end":{"line":64,"column":71}},"loc":{"start":{"line":64,"column":83},"end":{"line":68,"column":5}},"line":64},"19":{"name":"(anonymous_19)","decl":{"start":{"line":69,"column":29},"end":{"line":69,"column":30}},"loc":{"start":{"line":69,"column":35},"end":{"line":75,"column":6}},"line":69},"20":{"name":"(anonymous_20)","decl":{"start":{"line":69,"column":67},"end":{"line":69,"column":68}},"loc":{"start":{"line":69,"column":80},"end":{"line":75,"column":5}},"line":69}},"branchMap":{"0":{"loc":{"start":{"line":1,"column":16},"end":{"line":8,"column":1}},"type":"binary-expr","locations":[{"start":{"line":1,"column":17},"end":{"line":1,"column":21}},{"start":{"line":1,"column":25},"end":{"line":1,"column":39}},{"start":{"line":1,"column":44},"end":{"line":8,"column":1}}],"line":1},"1":{"loc":{"start":{"line":2,"column":16},"end":{"line":2,"column":34}},"type":"binary-expr","locations":[{"start":{"line":2,"column":16},"end":{"line":2,"column":17}},{"start":{"line":2,"column":22},"end":{"line":2,"column":33}}],"line":2},"2":{"loc":{"start":{"line":5,"column":32},"end":{"line":5,"column":148}},"type":"cond-expr","locations":[{"start":{"line":5,"column":46},"end":{"line":5,"column":67}},{"start":{"line":5,"column":70},"end":{"line":5,"column":148}}],"line":5},"3":{"loc":{"start":{"line":6,"column":51},"end":{"line":6,"column":67}},"type":"binary-expr","locations":[{"start":{"line":6,"column":51},"end":{"line":6,"column":61}},{"start":{"line":6,"column":65},"end":{"line":6,"column":67}}],"line":6}},"s":{"0":1,"1":7,"2":8,"3":8,"4":0,"5":0,"6":0,"7":0,"8":15,"9":8,"10":7,"11":1,"12":1,"13":1,"14":1,"15":1,"16":1,"17":1,"18":1,"19":0,"20":0,"21":1,"22":1,"23":1,"24":1,"25":1,"26":1,"27":1,"28":1,"29":1,"30":1,"31":1,"32":1,"33":1,"34":1,"35":1,"36":1,"37":1,"38":1,"39":1,"40":1,"41":1,"42":1,"43":1,"44":1,"45":1,"46":1,"47":1,"48":1,"49":1,"50":1,"51":1,"52":1,"53":1,"54":1,"55":1,"56":1,"57":1,"58":1,"59":1,"60":1},"f":{"0":7,"1":7,"2":8,"3":0,"4":15,"5":8,"6":1,"7":1,"8":1,"9":1,"10":1,"11":1,"12":1,"13":1,"14":1,"15":1,"16":1,"17":1,"18":1,"19":1,"20":1},"b":{"0":[1,0,1],"1":[7,7],"2":[7,8],"3":[7,7]},"inputSourceMap":{"version":3,"file":"page.controller.e2e-spec.js","sourceRoot":"","sources":["page.controller.e2e-spec.ts"],"names":[],"mappings":";;;;;;;;AAAA,MAAM,OAAO,GAAG,OAAO,CAAC,WAAW,CAAC,CAAC;AACrC,OAAO,EAAE,UAAU,EAAE,MAAM,gBAAgB,CAAC;AAC5C,OAAO,EAAE,UAAU,EAAE,MAAM,gBAAgB,CAAC;AAI5C,MAAM,YAAY,GAAG,OAAO,CAAC,iCAAiC,CAAC,CAAC;AAKhE,QAAQ,CAAC,sBAAsB,EAAE,GAAG,EAAE;IAElC,SAAS,CAAC,GAAS,EAAE;QACjB,UAAU,CAAC,SAAS,EAAE,CAAC,IAAI,CAAC,eAAe,CAAC,CAAC;QAC7C,IAAI;YACA,MAAM,UAAU,CAAC,SAAS,EAAE,CAAC;SAChC;QAAC,OAAO,GAAG,EAAE;YACV,UAAU,CAAC,SAAS,EAAE,CAAC,KAAK,CAAC,oBAAoB,EAAE,GAAG,CAAC,CAAC;YACxD,MAAM,IAAI,KAAK,CAAC,oBAAoB,CAAC,CAAC;SACzC;IACL,CAAC,CAAA,CAAC,CAAC;IAEH,QAAQ,CAAC,GAAS,EAAE;QAChB,MAAM,UAAU,CAAC,cAAc,EAAE,CAAC,KAAK,EAAE,CAAC;IAC9C,CAAC,CAAA,CAAC,CAAC;IAEH,IAAI,WAAoB,CAAC;IAEzB,EAAE,CAAC,oBAAoB,EAAE,GAAS,EAAE;QAChC,WAAW,GAAG;YACV,IAAI,EAAE,WAAW;SACpB,CAAC;QAEF,MAAM,GAAG,GAAG,MAAM,OAAO,CAAC,UAAU,CAAC,aAAa,EAAE,CAAC,CAAC,IAAI,CAAC,WAAW,CAAC;aAClE,GAAG,CAAC,MAAM,EAAE,IAAI,CAAC,SAAS,CAAC,YAAY,CAAC,CAAC;aACzC,IAAI,CAAC,WAAW,CAAC,CAAC;QACvB,MAAM,CAAC,GAAG,CAAC,MAAM,CAAC,CAAC,OAAO,CAAC,UAAU,CAAC,OAAO,CAAC,CAAC;QAC/C,MAAM,CAAC,GAAG,CAAC,IAAI,CAAC,GAAG,CAAC,CAAC,WAAW,EAAE,CAAC;QACnC,MAAM,CAAC,GAAG,CAAC,IAAI,CAAC,SAAS,CAAC,CAAC,WAAW,EAAE,CAAC;QACzC,MAAM,CAAC,GAAG,CAAC,IAAI,CAAC,SAAS,CAAC,CAAC,WAAW,EAAE,CAAC;QACzC,MAAM,CAAC,GAAG,CAAC,IAAI,CAAC,IAAI,CAAC,CAAC,OAAO,CAAC,WAAW,CAAC,IAAI,CAAC,CAAC;QAEhD,WAAW,GAAG,GAAG,CAAC,IAAI,CAAC;IAC3B,CAAC,CAAA,CAAC,CAAC;IAEH,EAAE,CAAC,oBAAoB,EAAE,GAAS,EAAE;QAChC,WAAW,CAAC,IAAI,GAAG,aAAa,CAAC;QACjC,MAAM,GAAG,GAAG,MAAM,OAAO,CAAC,UAAU,CAAC,aAAa,EAAE,CAAC,CAAC,GAAG,CAAC,aAAa,WAAW,CAAC,SAAS,EAAE,CAAC;aAC1F,GAAG,CAAC,MAAM,EAAE,IAAI,CAAC,SAAS,CAAC,YAAY,CAAC,CAAC;aACzC,IAAI,CAAC,WAAW,CAAC;aACjB,MAAM,CAAC,UAAU,CAAC,QAAQ,CAAC,CAAC;QAEjC,MAAM,CAAC,GAAG,CAAC,IAAI,CAAC,GAAG,CAAC,CAAC,OAAO,CAAC,WAAW,CAAC,GAAG,CAAC,CAAC;QAC9C,MAAM,CAAC,GAAG,CAAC,IAAI,CAAC,IAAI,CAAC,CAAC,OAAO,CAAC,WAAW,CAAC,IAAI,CAAC,CAAC;QAChD,MAAM,CAAC,GAAG,CAAC,IAAI,CAAC,SAAS,CAAC,CAAC,OAAO,CAAC,WAAW,CAAC,SAAS,CAAC,CAAC;QAC1D,MAAM,CAAC,GAAG,CAAC,IAAI,CAAC,SAAS,CAAC,CAAC,WAAW,EAAE,CAAC;QAEzC,WAAW,GAAG,GAAG,CAAC,IAAI,CAAC;IAC3B,CAAC,CAAA,CAAC,CAAC;IAEH,EAAE,CAAC,iBAAiB,EAAE,GAAS,EAAE;QAC7B,MAAM,GAAG,GAAG,MAAM,OAAO,CAAC,UAAU,CAAC,aAAa,EAAE,CAAC,CAAC,GAAG,CAAC,aAAa,WAAW,CAAC,SAAS,EAAE,CAAC;aAC1F,GAAG,CAAC,MAAM,EAAE,IAAI,CAAC,SAAS,CAAC,YAAY,CAAC,CAAC,CAAC;QAE/C,MAAM,CAAC,GAAG,CAAC,MAAM,CAAC,CAAC,OAAO,CAAC,UAAU,CAAC,EAAE,CAAC,CAAC;QAC1C,MAAM,CAAC,GAAG,CAAC,IAAI,CAAC,GAAG,CAAC,CAAC,OAAO,CAAC,WAAW,CAAC,GAAG,CAAC,CAAC;QAC9C,MAAM,CAAC,GAAG,CAAC,IAAI,CAAC,IAAI,CAAC,CAAC,OAAO,CAAC,WAAW,CAAC,IAAI,CAAC,CAAC;QAChD,MAAM,CAAC,GAAG,CAAC,IAAI,CAAC,SAAS,CAAC,CAAC,OAAO,CAAC,WAAW,CAAC,SAAS,CAAC,CAAC;QAC1D,MAAM,CAAC,GAAG,CAAC,IAAI,CAAC,SAAS,CAAC,CAAC,OAAO,CAAC,WAAW,CAAC,SAAS,CAAC,CAAC;QAC1D,MAAM,CAAC,GAAG,CAAC,IAAI,CAAC,SAAS,CAAC,CAAC,OAAO,CAAC,WAAW,CAAC,SAAS,CAAC,CAAC;IAC9D,CAAC,CAAA,CAAC,CAAC;IAEH,EAAE,CAAC,uBAAuB,EAAE,GAAS,EAAE;QACnC,MAAM,GAAG,GAAG,MAAM,OAAO,CAAC,UAAU,CAAC,aAAa,EAAE,CAAC,CAAC,GAAG,CAAC,kBAAkB,CAAC;aACxE,GAAG,CAAC,MAAM,EAAE,IAAI,CAAC,SAAS,CAAC,YAAY,CAAC,CAAC,CAAC;QAE/C,MAAM,CAAC,GAAG,CAAC,MAAM,CAAC,CAAC,OAAO,CAAC,UAAU,CAAC,SAAS,CAAC,CAAC;IACrD,CAAC,CAAA,CAAC,CAAC;IAEH,EAAE,CAAC,oBAAoB,EAAE,GAAS,EAAE;QAChC,MAAM,OAAO,CAAC,UAAU,CAAC,aAAa,EAAE,CAAC,CAAC,MAAM,CAAC,aAAa,WAAW,CAAC,SAAS,EAAE,CAAC;aACjF,GAAG,CAAC,MAAM,EAAE,IAAI,CAAC,SAAS,CAAC,YAAY,CAAC,CAAC,CAAC;QAE/C,MAAM,GAAG,GAAG,MAAM,OAAO,CAAC,UAAU,CAAC,aAAa,EAAE,CAAC,CAAC,GAAG,CAAC,aAAa,WAAW,CAAC,SAAS,EAAE,CAAC;aAC1F,GAAG,CAAC,MAAM,EAAE,IAAI,CAAC,SAAS,CAAC,YAAY,CAAC,CAAC,CAAC;QAE/C,MAAM,CAAC,GAAG,CAAC,MAAM,CAAC,CAAC,OAAO,CAAC,UAAU,CAAC,SAAS,CAAC,CAAC;IACrD,CAAC,CAAA,CAAC,CAAC;AACP,CAAC,CAAC,CAAC","sourcesContent":["const request = require('supertest');\nimport { HttpStatus } from '@nestjs/common';\nimport { TestServer } from '../test-server';\n\nimport { PageDto } from '../../app/dto/page.dto';\n\nconst adminAccount = require('../resources/account/admin.json');\n\n/**\n * Test des différentes routes du PageController\n */\ndescribe('e2e - PageController', () => {\n\n    beforeAll(async () => {\n        TestServer.getLogger().info('Starting test');\n        try {\n            await TestServer.bootstrap();\n        } catch (err) {\n            TestServer.getLogger().error('Starting test fail', err);\n            throw new Error('Starting test fail');\n        }\n    });\n\n    afterAll(async () => {\n        await TestServer.getApplication().close();\n    });\n\n    let createdPage: PageDto;\n\n    it('should create page', async () => {\n        createdPage = {\n            name: 'page_test',\n        };\n\n        const res = await request(TestServer.getHttpServer()).post('/api/page')\n            .set('auth', JSON.stringify(adminAccount))\n            .send(createdPage);\n        expect(res.status).toEqual(HttpStatus.CREATED);\n        expect(res.body._id).toBeDefined();\n        expect(res.body.reference).toBeDefined();\n        expect(res.body.createdOn).toBeDefined();\n        expect(res.body.name).toEqual(createdPage.name);\n\n        createdPage = res.body;\n    });\n\n    it('should modify page', async () => {\n        createdPage.name = 'testModifiy';\n        const res = await request(TestServer.getHttpServer()).put(`/api/page/${createdPage.reference}`)\n            .set('auth', JSON.stringify(adminAccount))\n            .send(createdPage)\n            .expect(HttpStatus.ACCEPTED);\n\n        expect(res.body._id).toEqual(createdPage._id);\n        expect(res.body.name).toEqual(createdPage.name);\n        expect(res.body.reference).toEqual(createdPage.reference);\n        expect(res.body.updatedOn).toBeDefined();\n\n        createdPage = res.body;\n    });\n\n    it('should get page', async () => {\n        const res = await request(TestServer.getHttpServer()).get(`/api/page/${createdPage.reference}`)\n            .set('auth', JSON.stringify(adminAccount));\n\n        expect(res.status).toEqual(HttpStatus.OK);\n        expect(res.body._id).toEqual(createdPage._id);\n        expect(res.body.name).toEqual(createdPage.name);\n        expect(res.body.reference).toEqual(createdPage.reference);\n        expect(res.body.updatedOn).toEqual(createdPage.updatedOn);\n        expect(res.body.createdOn).toEqual(createdPage.createdOn);\n    });\n\n    it('should not found page', async () => {\n        const res = await request(TestServer.getHttpServer()).get(`/api/page/fakeId`)\n            .set('auth', JSON.stringify(adminAccount));\n\n        expect(res.status).toEqual(HttpStatus.NOT_FOUND);\n    });\n\n    it('should delete page', async () => {\n        await request(TestServer.getHttpServer()).delete(`/api/page/${createdPage.reference}`)\n            .set('auth', JSON.stringify(adminAccount));\n\n        const res = await request(TestServer.getHttpServer()).get(`/api/page/${createdPage.reference}`)\n            .set('auth', JSON.stringify(adminAccount));\n\n        expect(res.status).toEqual(HttpStatus.NOT_FOUND);\n    });\n});\n"]},"_coverageSchema":"332fd63041d2c1bcb487cc26dd0d5f7d97098a6c","hash":"bc9dba512c2b108a55944330bef79cde4f0c1667"}
}
