TN:
SF:C:\workspace\WS\WS_UNI_CMS\univ-cms\src\server\app\app.module.ts
FN:1,(anonymous_0)
FN:19,(anonymous_1)
FNF:2
FNH:2
FNDA:1,(anonymous_0)
FNDA:1,(anonymous_1)
DA:1,1
DA:2,1
DA:3,1
DA:4,0
DA:5,1
DA:18,1
DA:20,1
DA:25,1
LF:8
LH:7
BRDA:1,0,0,1
BRDA:1,0,1,0
BRDA:1,0,2,1
BRDA:2,1,0,1
BRDA:2,1,1,0
BRDA:2,2,0,0
BRDA:2,2,1,0
BRDA:3,3,0,1
BRDA:3,3,1,0
BRDA:3,4,0,1
BRDA:3,4,1,1
BRDA:4,5,0,0
BRDA:4,5,1,0
BRDA:4,6,0,0
BRDA:4,6,1,0
BRDA:4,7,0,0
BRDA:4,7,1,0
BRDA:4,8,0,0
BRDA:4,8,1,0
BRDA:5,9,0,1
BRDA:5,9,1,0
BRDA:5,9,2,0
BRF:22
BRH:7
end_of_record
TN:
SF:C:\workspace\WS\WS_UNI_CMS\univ-cms\src\server\app\common\exception\function-exception.filter.ts
FN:1,(anonymous_0)
FN:11,(anonymous_1)
FN:14,(anonymous_2)
FNF:3
FNH:2
FNDA:1,(anonymous_0)
FNDA:1,(anonymous_1)
FNDA:0,(anonymous_2)
DA:1,1
DA:2,1
DA:3,1
DA:4,0
DA:5,1
DA:10,1
DA:12,1
DA:15,0
DA:16,0
DA:17,0
DA:18,0
DA:19,0
DA:20,0
DA:31,1
LF:14
LH:7
BRDA:1,0,0,1
BRDA:1,0,1,0
BRDA:1,0,2,1
BRDA:2,1,0,1
BRDA:2,1,1,0
BRDA:2,2,0,0
BRDA:2,2,1,0
BRDA:3,3,0,1
BRDA:3,3,1,0
BRDA:3,4,0,1
BRDA:3,4,1,1
BRDA:4,5,0,0
BRDA:4,5,1,0
BRDA:4,6,0,0
BRDA:4,6,1,0
BRDA:4,7,0,0
BRDA:4,7,1,0
BRDA:4,8,0,0
BRDA:4,8,1,0
BRDA:5,9,0,1
BRDA:5,9,1,0
BRDA:5,9,2,0
BRF:22
BRH:7
end_of_record
TN:
SF:C:\workspace\WS\WS_UNI_CMS\univ-cms\src\server\app\common\exception\functional.exception.ts
FN:2,(anonymous_0)
FNF:1
FNH:0
FNDA:0,(anonymous_0)
DA:3,0
DA:4,0
DA:5,0
DA:6,0
DA:7,0
DA:8,0
LF:6
LH:0
BRDA:7,0,0,0
BRDA:7,0,1,0
BRF:2
BRH:0
end_of_record
TN:
SF:C:\workspace\WS\WS_UNI_CMS\univ-cms\src\server\app\common\exception\technical-exception.filter.ts
FN:1,(anonymous_0)
FN:11,(anonymous_1)
FN:14,(anonymous_2)
FNF:3
FNH:2
FNDA:1,(anonymous_0)
FNDA:1,(anonymous_1)
FNDA:0,(anonymous_2)
DA:1,1
DA:2,1
DA:3,1
DA:4,0
DA:5,1
DA:10,1
DA:12,1
DA:15,0
DA:16,0
DA:17,0
DA:18,0
DA:19,0
DA:20,0
DA:32,1
LF:14
LH:7
BRDA:1,0,0,1
BRDA:1,0,1,0
BRDA:1,0,2,1
BRDA:2,1,0,1
BRDA:2,1,1,0
BRDA:2,2,0,0
BRDA:2,2,1,0
BRDA:3,3,0,1
BRDA:3,3,1,0
BRDA:3,4,0,1
BRDA:3,4,1,1
BRDA:4,5,0,0
BRDA:4,5,1,0
BRDA:4,6,0,0
BRDA:4,6,1,0
BRDA:4,7,0,0
BRDA:4,7,1,0
BRDA:4,8,0,0
BRDA:4,8,1,0
BRDA:5,9,0,1
BRDA:5,9,1,0
BRDA:5,9,2,0
BRF:22
BRH:7
end_of_record
TN:
SF:C:\workspace\WS\WS_UNI_CMS\univ-cms\src\server\app\common\exception\technical.exception.ts
FN:2,(anonymous_0)
FNF:1
FNH:0
FNDA:0,(anonymous_0)
DA:3,0
DA:4,0
DA:5,0
DA:6,0
DA:7,0
DA:8,0
DA:9,0
LF:7
LH:0
BRDA:8,0,0,0
BRDA:8,0,1,0
BRF:2
BRH:0
end_of_record
TN:
SF:C:\workspace\WS\WS_UNI_CMS\univ-cms\src\server\app\common\logger\logger.factory.ts
FN:4,(anonymous_0)
FNF:1
FNH:1
FNDA:4,(anonymous_0)
DA:5,4
DA:6,1
DA:17,4
LF:3
LH:3
BRDA:5,0,0,1
BRDA:5,0,1,3
BRF:2
BRH:2
end_of_record
TN:
SF:C:\workspace\WS\WS_UNI_CMS\univ-cms\src\server\app\common\logger\winlogger.ts
FN:3,(anonymous_0)
FN:7,(anonymous_1)
FN:10,(anonymous_2)
FN:13,(anonymous_3)
FN:16,(anonymous_4)
FN:19,(anonymous_5)
FN:22,(anonymous_6)
FNF:7
FNH:3
FNDA:4,(anonymous_0)
FNDA:4,(anonymous_1)
FNDA:0,(anonymous_2)
FNDA:2,(anonymous_3)
FNDA:0,(anonymous_4)
FNDA:0,(anonymous_5)
FNDA:0,(anonymous_6)
DA:4,4
DA:5,4
DA:8,4
DA:11,0
DA:14,2
DA:17,0
DA:20,0
DA:23,0
LF:8
LH:4
BRF:0
BRH:0
end_of_record
TN:
SF:C:\workspace\WS\WS_UNI_CMS\univ-cms\src\server\app\common\validations\custom-validation.pipe.ts
FN:1,(anonymous_0)
FN:7,(anonymous_1)
FN:10,(anonymous_2)
FN:11,(anonymous_3)
FN:12,fulfilled
FN:13,rejected
FN:14,step
FN:14,(anonymous_7)
FN:22,(anonymous_8)
FN:25,(anonymous_9)
FN:26,(anonymous_10)
FN:43,(anonymous_11)
FN:45,(anonymous_12)
FNF:13
FNH:12
FNDA:1,(anonymous_0)
FNDA:1,(anonymous_1)
FNDA:3,(anonymous_2)
FNDA:3,(anonymous_3)
FNDA:2,fulfilled
FNDA:0,rejected
FNDA:5,step
FNDA:2,(anonymous_7)
FNDA:2,(anonymous_8)
FNDA:3,(anonymous_9)
FNDA:3,(anonymous_10)
FNDA:3,(anonymous_11)
FNDA:11,(anonymous_12)
DA:1,1
DA:2,1
DA:3,1
DA:4,0
DA:5,1
DA:7,1
DA:8,1
DA:10,1
DA:11,3
DA:12,2
DA:13,0
DA:14,5
DA:15,3
DA:21,1
DA:23,2
DA:26,3
DA:27,3
DA:28,1
DA:30,2
DA:31,2
DA:32,2
DA:33,0
DA:35,2
DA:36,2
DA:39,0
DA:44,3
DA:45,11
DA:48,1
LF:28
LH:24
BRDA:1,0,0,1
BRDA:1,0,1,0
BRDA:1,0,2,1
BRDA:2,1,0,1
BRDA:2,1,1,0
BRDA:2,2,0,0
BRDA:2,2,1,0
BRDA:3,3,0,1
BRDA:3,3,1,0
BRDA:3,4,0,1
BRDA:3,4,1,1
BRDA:4,5,0,0
BRDA:4,5,1,0
BRDA:4,6,0,0
BRDA:4,6,1,0
BRDA:4,7,0,0
BRDA:4,7,1,0
BRDA:4,8,0,0
BRDA:4,8,1,0
BRDA:5,9,0,1
BRDA:5,9,1,0
BRDA:5,9,2,0
BRDA:7,10,0,1
BRDA:7,10,1,0
BRDA:7,10,2,1
BRDA:8,11,0,1
BRDA:8,11,1,0
BRDA:8,12,0,1
BRDA:8,12,1,1
BRDA:10,13,0,1
BRDA:10,13,1,0
BRDA:10,13,2,1
BRDA:11,14,0,3
BRDA:11,14,1,3
BRDA:14,15,0,3
BRDA:14,15,1,2
BRDA:15,16,0,3
BRDA:15,16,1,3
BRDA:22,17,0,2
BRDA:27,18,0,1
BRDA:27,18,1,2
BRDA:27,19,0,3
BRDA:27,19,1,3
BRDA:32,20,0,0
BRDA:32,20,1,2
BRDA:35,21,0,2
BRDA:35,21,1,0
BRF:47
BRH:27
end_of_record
TN:
SF:C:\workspace\WS\WS_UNI_CMS\univ-cms\src\server\app\config\config.ts
FN:5,(anonymous_0)
FN:7,(anonymous_1)
FN:14,(anonymous_2)
FN:29,(anonymous_3)
FNF:4
FNH:4
FNDA:1,(anonymous_0)
FNDA:4,(anonymous_1)
FNDA:1,(anonymous_2)
FNDA:2,(anonymous_3)
DA:2,1
DA:3,1
DA:8,4
DA:9,1
DA:10,1
DA:12,4
DA:15,1
DA:16,1
DA:17,1
DA:18,1
DA:19,1
DA:20,1
DA:21,1
DA:22,1
DA:25,0
DA:30,2
LF:16
LH:15
BRDA:8,0,0,1
BRDA:8,0,1,3
BRDA:15,1,0,1
BRDA:15,1,1,1
BRDA:18,2,0,1
BRDA:18,2,1,0
BRF:6
BRH:5
end_of_record
TN:
SF:C:\workspace\WS\WS_UNI_CMS\univ-cms\src\server\app\config\default.js
FNF:0
FNH:0
DA:1,1
DA:10,1
LF:2
LH:2
BRDA:2,0,0,1
BRDA:2,0,1,1
BRDA:3,1,0,1
BRDA:3,1,1,1
BRDA:4,2,0,1
BRDA:4,2,1,1
BRDA:5,3,0,1
BRDA:5,3,1,1
BRDA:6,4,0,1
BRDA:6,4,1,1
BRDA:7,5,0,1
BRDA:7,5,1,1
BRDA:8,6,0,1
BRDA:8,6,1,1
BRF:14
BRH:14
end_of_record
TN:
SF:C:\workspace\WS\WS_UNI_CMS\univ-cms\src\server\app\config\test.js
FNF:0
FNH:0
DA:1,1
DA:7,1
LF:2
LH:2
BRDA:2,0,0,1
BRDA:2,0,1,1
BRDA:3,1,0,1
BRDA:3,1,1,1
BRDA:4,2,0,1
BRDA:4,2,1,1
BRDA:5,3,0,1
BRDA:5,3,1,1
BRF:8
BRH:8
end_of_record
TN:
SF:C:\workspace\WS\WS_UNI_CMS\univ-cms\src\server\app\dto\page.dto.ts
FN:1,(anonymous_0)
FN:7,(anonymous_1)
FN:19,(anonymous_2)
FN:34,(anonymous_3)
FN:40,(anonymous_4)
FNF:5
FNH:4
FNDA:5,(anonymous_0)
FNDA:5,(anonymous_1)
FNDA:1,(anonymous_2)
FNDA:1,(anonymous_3)
FNDA:0,(anonymous_4)
DA:1,1
DA:2,5
DA:3,5
DA:4,0
DA:5,5
DA:7,1
DA:8,5
DA:17,1
DA:19,1
DA:22,1
DA:26,1
DA:32,1
DA:34,1
DA:38,1
DA:40,0
LF:15
LH:13
BRDA:1,0,0,1
BRDA:1,0,1,0
BRDA:1,0,2,1
BRDA:2,1,0,0
BRDA:2,1,1,5
BRDA:2,2,0,0
BRDA:2,2,1,5
BRDA:3,3,0,5
BRDA:3,3,1,0
BRDA:3,4,0,5
BRDA:3,4,1,5
BRDA:4,5,0,0
BRDA:4,5,1,0
BRDA:4,6,0,0
BRDA:4,6,1,0
BRDA:4,7,0,0
BRDA:4,7,1,0
BRDA:4,8,0,0
BRDA:4,8,1,0
BRDA:5,9,0,5
BRDA:5,9,1,5
BRDA:5,9,2,0
BRDA:7,10,0,1
BRDA:7,10,1,0
BRDA:7,10,2,1
BRDA:8,11,0,5
BRDA:8,11,1,0
BRDA:8,12,0,5
BRDA:8,12,1,5
BRDA:20,13,0,1
BRDA:20,13,1,1
BRDA:20,13,2,0
BRDA:20,14,0,1
BRDA:20,14,1,1
BRDA:36,15,0,1
BRDA:36,15,1,1
BRDA:36,15,2,0
BRDA:36,16,0,1
BRDA:36,16,1,1
BRDA:42,17,0,1
BRDA:42,17,1,1
BRDA:42,17,2,0
BRDA:42,18,0,1
BRDA:42,18,1,1
BRF:44
BRH:26
end_of_record
TN:
SF:C:\workspace\WS\WS_UNI_CMS\univ-cms\src\server\app\repository\repository.module.ts
FN:1,(anonymous_0)
FNF:1
FNH:1
FNDA:1,(anonymous_0)
DA:1,1
DA:2,1
DA:3,1
DA:4,0
DA:5,1
DA:11,1
DA:14,1
DA:16,1
LF:8
LH:7
BRDA:1,0,0,1
BRDA:1,0,1,0
BRDA:1,0,2,1
BRDA:2,1,0,1
BRDA:2,1,1,0
BRDA:2,2,0,0
BRDA:2,2,1,0
BRDA:3,3,0,1
BRDA:3,3,1,0
BRDA:3,4,0,1
BRDA:3,4,1,1
BRDA:4,5,0,0
BRDA:4,5,1,0
BRDA:4,6,0,0
BRDA:4,6,1,0
BRDA:4,7,0,0
BRDA:4,7,1,0
BRDA:4,8,0,0
BRDA:4,8,1,0
BRDA:5,9,0,1
BRDA:5,9,1,0
BRDA:5,9,2,0
BRF:22
BRH:7
end_of_record
TN:
SF:C:\workspace\WS\WS_UNI_CMS\univ-cms\src\server\app\repository\enum\role.enum.ts
FN:2,(anonymous_0)
FNF:1
FNH:1
FNDA:1,(anonymous_0)
DA:2,1
DA:3,1
DA:4,1
DA:5,1
DA:6,1
LF:5
LH:5
BRDA:7,0,0,1
BRDA:7,0,1,1
BRF:2
BRH:2
end_of_record
TN:
SF:C:\workspace\WS\WS_UNI_CMS\univ-cms\src\server\app\repository\repositories\page.repository.ts
FN:1,(anonymous_0)
FN:7,(anonymous_1)
FN:10,(anonymous_2)
FN:11,(anonymous_3)
FN:19,(anonymous_4)
FN:22,(anonymous_5)
FNF:6
FNH:6
FNDA:1,(anonymous_0)
FNDA:1,(anonymous_1)
FNDA:1,(anonymous_2)
FNDA:1,(anonymous_3)
FNDA:1,(anonymous_4)
FNDA:2,(anonymous_5)
DA:1,1
DA:2,1
DA:3,1
DA:4,0
DA:5,1
DA:7,1
DA:8,1
DA:10,1
DA:11,1
DA:18,1
DA:20,1
DA:23,2
DA:26,1
LF:13
LH:12
BRDA:1,0,0,1
BRDA:1,0,1,0
BRDA:1,0,2,1
BRDA:2,1,0,1
BRDA:2,1,1,0
BRDA:2,2,0,0
BRDA:2,2,1,0
BRDA:3,3,0,1
BRDA:3,3,1,0
BRDA:3,4,0,1
BRDA:3,4,1,1
BRDA:4,5,0,0
BRDA:4,5,1,0
BRDA:4,6,0,0
BRDA:4,6,1,0
BRDA:4,7,0,0
BRDA:4,7,1,0
BRDA:4,8,0,0
BRDA:4,8,1,0
BRDA:5,9,0,1
BRDA:5,9,1,0
BRDA:5,9,2,0
BRDA:7,10,0,1
BRDA:7,10,1,0
BRDA:7,10,2,1
BRDA:8,11,0,1
BRDA:8,11,1,0
BRDA:8,12,0,1
BRDA:8,12,1,1
BRDA:10,13,0,1
BRDA:10,13,1,0
BRDA:10,13,2,1
BRDA:29,14,0,1
BRDA:29,14,1,1
BRDA:29,14,2,0
BRDA:29,15,0,1
BRDA:29,15,1,1
BRF:37
BRH:18
end_of_record
TN:
SF:C:\workspace\WS\WS_UNI_CMS\univ-cms\src\server\app\repository\schema\page.entity.ts
FN:1,(anonymous_0)
FN:7,(anonymous_1)
FNF:2
FNH:2
FNDA:6,(anonymous_0)
FNDA:5,(anonymous_1)
DA:1,1
DA:2,6
DA:3,6
DA:4,0
DA:5,6
DA:7,1
DA:8,5
DA:12,1
DA:14,1
DA:18,1
DA:22,1
DA:27,1
DA:31,1
DA:35,1
LF:14
LH:13
BRDA:1,0,0,1
BRDA:1,0,1,0
BRDA:1,0,2,1
BRDA:2,1,0,1
BRDA:2,1,1,5
BRDA:2,2,0,0
BRDA:2,2,1,5
BRDA:3,3,0,6
BRDA:3,3,1,0
BRDA:3,4,0,6
BRDA:3,4,1,6
BRDA:4,5,0,0
BRDA:4,5,1,0
BRDA:4,6,0,0
BRDA:4,6,1,0
BRDA:4,7,0,0
BRDA:4,7,1,0
BRDA:4,8,0,0
BRDA:4,8,1,0
BRDA:5,9,0,6
BRDA:5,9,1,5
BRDA:5,9,2,0
BRDA:7,10,0,1
BRDA:7,10,1,0
BRDA:7,10,2,1
BRDA:8,11,0,5
BRDA:8,11,1,0
BRDA:8,12,0,5
BRDA:8,12,1,5
BRDA:16,13,0,1
BRDA:16,13,1,0
BRDA:16,13,2,1
BRDA:16,14,0,1
BRDA:16,14,1,0
BRDA:29,15,0,1
BRDA:29,15,1,1
BRDA:29,15,2,0
BRDA:29,16,0,1
BRDA:29,16,1,1
BRDA:33,17,0,1
BRDA:33,17,1,1
BRDA:33,17,2,0
BRDA:33,18,0,1
BRDA:33,18,1,1
BRF:44
BRH:26
end_of_record
TN:
SF:C:\workspace\WS\WS_UNI_CMS\univ-cms\src\server\app\repository\schema\user.entity.ts
FN:1,(anonymous_0)
FN:7,(anonymous_1)
FNF:2
FNH:2
FNDA:10,(anonymous_0)
FNDA:9,(anonymous_1)
DA:1,1
DA:2,10
DA:3,10
DA:4,0
DA:5,10
DA:7,1
DA:8,9
DA:13,1
DA:15,1
DA:19,1
DA:23,1
DA:27,1
DA:31,1
DA:35,1
DA:39,1
DA:43,1
DA:47,1
DA:51,1
LF:18
LH:17
BRDA:1,0,0,1
BRDA:1,0,1,0
BRDA:1,0,2,1
BRDA:2,1,0,1
BRDA:2,1,1,9
BRDA:2,2,0,0
BRDA:2,2,1,9
BRDA:3,3,0,10
BRDA:3,3,1,0
BRDA:3,4,0,10
BRDA:3,4,1,10
BRDA:4,5,0,0
BRDA:4,5,1,0
BRDA:4,6,0,0
BRDA:4,6,1,0
BRDA:4,7,0,0
BRDA:4,7,1,0
BRDA:4,8,0,0
BRDA:4,8,1,0
BRDA:5,9,0,10
BRDA:5,9,1,9
BRDA:5,9,2,0
BRDA:7,10,0,1
BRDA:7,10,1,0
BRDA:7,10,2,1
BRDA:8,11,0,9
BRDA:8,11,1,0
BRDA:8,12,0,9
BRDA:8,12,1,9
BRDA:29,13,0,1
BRDA:29,13,1,0
BRDA:29,13,2,1
BRDA:29,14,0,1
BRDA:29,14,1,1
BRDA:37,15,0,1
BRDA:37,15,1,1
BRDA:37,15,2,0
BRDA:37,16,0,1
BRDA:37,16,1,1
BRDA:41,17,0,1
BRDA:41,17,1,1
BRDA:41,17,2,0
BRDA:41,18,0,1
BRDA:41,18,1,1
BRDA:45,19,0,1
BRDA:45,19,1,1
BRDA:45,19,2,0
BRDA:45,20,0,1
BRDA:45,20,1,1
BRDA:49,21,0,1
BRDA:49,21,1,1
BRDA:49,21,2,0
BRDA:49,22,0,1
BRDA:49,22,1,1
BRF:54
BRH:35
end_of_record
TN:
SF:C:\workspace\WS\WS_UNI_CMS\univ-cms\src\server\app\routes\home.controller.ts
FN:1,(anonymous_0)
FN:7,(anonymous_1)
FN:13,(anonymous_2)
FN:16,(anonymous_3)
FNF:4
FNH:3
FNDA:6,(anonymous_0)
FNDA:12,(anonymous_1)
FNDA:1,(anonymous_2)
FNDA:0,(anonymous_3)
DA:1,2
DA:2,6
DA:3,6
DA:4,0
DA:5,6
DA:7,2
DA:8,12
DA:12,2
DA:14,1
DA:17,0
DA:23,2
DA:30,2
DA:37,2
LF:13
LH:11
BRDA:1,0,0,2
BRDA:1,0,1,0
BRDA:1,0,2,2
BRDA:2,1,0,2
BRDA:2,1,1,4
BRDA:2,2,0,4
BRDA:2,2,1,0
BRDA:3,3,0,6
BRDA:3,3,1,0
BRDA:3,4,0,6
BRDA:3,4,1,6
BRDA:4,5,0,0
BRDA:4,5,1,0
BRDA:4,6,0,0
BRDA:4,6,1,0
BRDA:4,7,0,0
BRDA:4,7,1,0
BRDA:4,8,0,0
BRDA:4,8,1,0
BRDA:5,9,0,6
BRDA:5,9,1,4
BRDA:5,9,2,4
BRDA:7,10,0,2
BRDA:7,10,1,0
BRDA:7,10,2,2
BRDA:8,11,0,12
BRDA:8,11,1,0
BRDA:8,12,0,12
BRDA:8,12,1,12
BRF:29
BRH:16
end_of_record
TN:
SF:C:\workspace\WS\WS_UNI_CMS\univ-cms\src\server\app\routes\page.controller.spec.ts
FN:1,(anonymous_0)
FN:2,(anonymous_1)
FN:3,fulfilled
FN:4,rejected
FN:5,step
FN:5,(anonymous_5)
FN:11,(anonymous_6)
FN:13,(anonymous_7)
FN:13,(anonymous_8)
FN:20,(anonymous_9)
FN:21,(anonymous_10)
FNF:11
FNH:10
FNDA:1,(anonymous_0)
FNDA:1,(anonymous_1)
FNDA:1,fulfilled
FNDA:0,rejected
FNDA:2,step
FNDA:1,(anonymous_5)
FNDA:1,(anonymous_6)
FNDA:1,(anonymous_7)
FNDA:1,(anonymous_8)
FNDA:1,(anonymous_9)
FNDA:1,(anonymous_10)
DA:1,1
DA:2,1
DA:3,1
DA:4,0
DA:5,2
DA:6,1
DA:11,1
DA:13,1
DA:14,1
DA:20,1
DA:21,1
DA:22,1
DA:23,1
LF:13
LH:12
BRDA:1,0,0,1
BRDA:1,0,1,0
BRDA:1,0,2,1
BRDA:2,1,0,1
BRDA:2,1,1,1
BRDA:5,2,0,1
BRDA:5,2,1,1
BRDA:6,3,0,1
BRDA:6,3,1,1
BRF:9
BRH:8
end_of_record
TN:
SF:C:\workspace\WS\WS_UNI_CMS\univ-cms\src\server\app\routes\page.controller.ts
FN:1,(anonymous_0)
FN:7,(anonymous_1)
FN:10,(anonymous_2)
FN:11,(anonymous_3)
FN:13,(anonymous_4)
FN:14,(anonymous_5)
FN:15,fulfilled
FN:16,rejected
FN:17,step
FN:17,(anonymous_9)
FN:28,(anonymous_10)
FN:31,(anonymous_11)
FN:32,(anonymous_12)
FN:37,(anonymous_13)
FN:38,(anonymous_14)
FN:43,(anonymous_15)
FN:44,(anonymous_16)
FN:51,(anonymous_17)
FN:52,(anonymous_18)
FNF:19
FNH:18
FNDA:5,(anonymous_0)
FNDA:13,(anonymous_1)
FNDA:5,(anonymous_2)
FNDA:5,(anonymous_3)
FNDA:6,(anonymous_4)
FNDA:6,(anonymous_5)
FNDA:6,fulfilled
FNDA:0,rejected
FNDA:10,step
FNDA:6,(anonymous_9)
FNDA:1,(anonymous_10)
FNDA:1,(anonymous_11)
FNDA:1,(anonymous_12)
FNDA:1,(anonymous_13)
FNDA:1,(anonymous_14)
FNDA:1,(anonymous_15)
FNDA:1,(anonymous_16)
FNDA:3,(anonymous_17)
FNDA:3,(anonymous_18)
DA:1,1
DA:2,5
DA:3,5
DA:4,0
DA:5,5
DA:7,1
DA:8,13
DA:10,1
DA:11,5
DA:13,1
DA:14,6
DA:15,6
DA:16,0
DA:17,10
DA:18,6
DA:27,1
DA:29,1
DA:32,1
DA:33,1
DA:34,1
DA:38,1
DA:39,1
DA:40,1
DA:44,1
DA:45,1
DA:46,1
DA:47,0
DA:52,3
DA:53,3
DA:54,3
DA:55,1
DA:58,2
DA:63,1
DA:72,1
DA:81,1
DA:89,1
DA:97,1
LF:37
LH:34
BRDA:1,0,0,1
BRDA:1,0,1,0
BRDA:1,0,2,1
BRDA:2,1,0,1
BRDA:2,1,1,4
BRDA:2,2,0,4
BRDA:2,2,1,0
BRDA:3,3,0,5
BRDA:3,3,1,0
BRDA:3,4,0,5
BRDA:3,4,1,5
BRDA:4,5,0,0
BRDA:4,5,1,0
BRDA:4,6,0,0
BRDA:4,6,1,0
BRDA:4,7,0,0
BRDA:4,7,1,0
BRDA:4,8,0,0
BRDA:4,8,1,0
BRDA:5,9,0,5
BRDA:5,9,1,4
BRDA:5,9,2,4
BRDA:7,10,0,1
BRDA:7,10,1,0
BRDA:7,10,2,1
BRDA:8,11,0,13
BRDA:8,11,1,0
BRDA:8,12,0,13
BRDA:8,12,1,13
BRDA:10,13,0,1
BRDA:10,13,1,0
BRDA:10,13,2,1
BRDA:13,14,0,1
BRDA:13,14,1,0
BRDA:13,14,2,1
BRDA:14,15,0,6
BRDA:14,15,1,6
BRDA:17,16,0,4
BRDA:17,16,1,6
BRDA:18,17,0,6
BRDA:18,17,1,6
BRDA:46,18,0,0
BRDA:46,18,1,1
BRDA:54,19,0,1
BRDA:54,19,1,2
BRDA:69,20,0,1
BRDA:69,20,1,1
BRDA:69,20,2,0
BRDA:69,21,0,1
BRDA:69,21,1,1
BRDA:78,22,0,1
BRDA:78,22,1,1
BRDA:78,22,2,0
BRDA:78,23,0,1
BRDA:78,23,1,1
BRDA:95,24,0,1
BRDA:95,24,1,1
BRDA:95,24,2,0
BRDA:95,25,0,1
BRDA:95,25,1,1
BRDA:100,26,0,1
BRDA:100,26,1,1
BRDA:100,26,2,0
BRDA:100,27,0,1
BRDA:100,27,1,1
BRF:65
BRH:45
end_of_record
TN:
SF:C:\workspace\WS\WS_UNI_CMS\univ-cms\src\server\app\routes\routes.modules.ts
FN:1,(anonymous_0)
FNF:1
FNH:1
FNDA:1,(anonymous_0)
DA:1,1
DA:2,1
DA:3,1
DA:4,0
DA:5,1
DA:11,1
DA:13,1
LF:7
LH:6
BRDA:1,0,0,1
BRDA:1,0,1,0
BRDA:1,0,2,1
BRDA:2,1,0,1
BRDA:2,1,1,0
BRDA:2,2,0,0
BRDA:2,2,1,0
BRDA:3,3,0,1
BRDA:3,3,1,0
BRDA:3,4,0,1
BRDA:3,4,1,1
BRDA:4,5,0,0
BRDA:4,5,1,0
BRDA:4,6,0,0
BRDA:4,6,1,0
BRDA:4,7,0,0
BRDA:4,7,1,0
BRDA:4,8,0,0
BRDA:4,8,1,0
BRDA:5,9,0,1
BRDA:5,9,1,0
BRDA:5,9,2,0
BRF:22
BRH:7
end_of_record
TN:
SF:C:\workspace\WS\WS_UNI_CMS\univ-cms\src\server\app\security\auth.middleware.ts
FN:1,(anonymous_0)
FN:7,(anonymous_1)
FN:14,(anonymous_2)
FN:17,(anonymous_3)
FN:18,(anonymous_4)
FNF:5
FNH:5
FNDA:1,(anonymous_0)
FNDA:1,(anonymous_1)
FNDA:1,(anonymous_2)
FNDA:1,(anonymous_3)
FNDA:6,(anonymous_4)
DA:1,1
DA:2,1
DA:3,1
DA:4,0
DA:5,1
DA:7,1
DA:8,1
DA:13,1
DA:15,1
DA:18,1
DA:19,6
DA:23,1
LF:12
LH:11
BRDA:1,0,0,1
BRDA:1,0,1,0
BRDA:1,0,2,1
BRDA:2,1,0,1
BRDA:2,1,1,0
BRDA:2,2,0,0
BRDA:2,2,1,0
BRDA:3,3,0,1
BRDA:3,3,1,0
BRDA:3,4,0,1
BRDA:3,4,1,1
BRDA:4,5,0,0
BRDA:4,5,1,0
BRDA:4,6,0,0
BRDA:4,6,1,0
BRDA:4,7,0,0
BRDA:4,7,1,0
BRDA:4,8,0,0
BRDA:4,8,1,0
BRDA:5,9,0,1
BRDA:5,9,1,0
BRDA:5,9,2,0
BRDA:7,10,0,1
BRDA:7,10,1,0
BRDA:7,10,2,1
BRDA:8,11,0,1
BRDA:8,11,1,0
BRDA:8,12,0,1
BRDA:8,12,1,1
BRDA:25,13,0,1
BRDA:25,13,1,1
BRDA:25,13,2,0
BRDA:25,14,0,1
BRDA:25,14,1,1
BRF:34
BRH:16
end_of_record
TN:
SF:C:\workspace\WS\WS_UNI_CMS\univ-cms\src\server\app\security\auth.service.ts
FN:1,(anonymous_0)
FN:7,(anonymous_1)
FN:14,(anonymous_2)
FN:17,(anonymous_3)
FN:19,(anonymous_4)
FN:23,(anonymous_5)
FN:24,(anonymous_6)
FNF:7
FNH:2
FNDA:1,(anonymous_0)
FNDA:1,(anonymous_1)
FNDA:0,(anonymous_2)
FNDA:0,(anonymous_3)
FNDA:0,(anonymous_4)
FNDA:0,(anonymous_5)
FNDA:0,(anonymous_6)
DA:1,1
DA:2,1
DA:3,1
DA:4,0
DA:5,1
DA:7,1
DA:8,1
DA:13,1
DA:15,0
DA:18,0
DA:19,0
DA:20,0
DA:21,0
DA:23,0
DA:24,0
DA:25,0
DA:28,1
LF:17
LH:8
BRDA:1,0,0,1
BRDA:1,0,1,0
BRDA:1,0,2,1
BRDA:2,1,0,1
BRDA:2,1,1,0
BRDA:2,2,0,0
BRDA:2,2,1,0
BRDA:3,3,0,1
BRDA:3,3,1,0
BRDA:3,4,0,1
BRDA:3,4,1,1
BRDA:4,5,0,0
BRDA:4,5,1,0
BRDA:4,6,0,0
BRDA:4,6,1,0
BRDA:4,7,0,0
BRDA:4,7,1,0
BRDA:4,8,0,0
BRDA:4,8,1,0
BRDA:5,9,0,1
BRDA:5,9,1,0
BRDA:5,9,2,0
BRDA:7,10,0,1
BRDA:7,10,1,0
BRDA:7,10,2,1
BRDA:8,11,0,1
BRDA:8,11,1,0
BRDA:8,12,0,1
BRDA:8,12,1,1
BRDA:30,13,0,1
BRDA:30,13,1,1
BRDA:30,13,2,0
BRDA:30,14,0,1
BRDA:30,14,1,1
BRF:34
BRH:16
end_of_record
TN:
SF:C:\workspace\WS\WS_UNI_CMS\univ-cms\src\server\app\security\jwt.strategy.ts
FN:1,(anonymous_0)
FN:7,(anonymous_1)
FN:10,(anonymous_2)
FN:11,(anonymous_3)
FN:12,fulfilled
FN:13,rejected
FN:14,step
FN:14,(anonymous_7)
FN:23,(anonymous_8)
FN:30,(anonymous_9)
FN:31,(anonymous_10)
FNF:11
FNH:3
FNDA:1,(anonymous_0)
FNDA:1,(anonymous_1)
FNDA:0,(anonymous_2)
FNDA:0,(anonymous_3)
FNDA:0,fulfilled
FNDA:0,rejected
FNDA:0,step
FNDA:0,(anonymous_7)
FNDA:1,(anonymous_8)
FNDA:0,(anonymous_9)
FNDA:0,(anonymous_10)
DA:1,1
DA:2,1
DA:3,1
DA:4,0
DA:5,1
DA:7,1
DA:8,1
DA:10,1
DA:11,0
DA:12,0
DA:13,0
DA:14,0
DA:15,0
DA:22,1
DA:24,1
DA:31,0
DA:32,0
DA:33,0
DA:34,0
DA:36,0
DA:40,1
LF:21
LH:10
BRDA:1,0,0,1
BRDA:1,0,1,0
BRDA:1,0,2,1
BRDA:2,1,0,1
BRDA:2,1,1,0
BRDA:2,2,0,0
BRDA:2,2,1,0
BRDA:3,3,0,1
BRDA:3,3,1,0
BRDA:3,4,0,1
BRDA:3,4,1,1
BRDA:4,5,0,0
BRDA:4,5,1,0
BRDA:4,6,0,0
BRDA:4,6,1,0
BRDA:4,7,0,0
BRDA:4,7,1,0
BRDA:4,8,0,0
BRDA:4,8,1,0
BRDA:5,9,0,1
BRDA:5,9,1,0
BRDA:5,9,2,0
BRDA:7,10,0,1
BRDA:7,10,1,0
BRDA:7,10,2,1
BRDA:8,11,0,1
BRDA:8,11,1,0
BRDA:8,12,0,1
BRDA:8,12,1,1
BRDA:10,13,0,1
BRDA:10,13,1,0
BRDA:10,13,2,1
BRDA:11,14,0,0
BRDA:11,14,1,0
BRDA:14,15,0,0
BRDA:14,15,1,0
BRDA:15,16,0,0
BRDA:15,16,1,0
BRDA:33,17,0,0
BRDA:33,17,1,0
BRF:40
BRH:14
end_of_record
TN:
SF:C:\workspace\WS\WS_UNI_CMS\univ-cms\src\server\app\security\guards\auth.guards.ts
FN:1,(anonymous_0)
FN:7,(anonymous_1)
FN:15,(anonymous_2)
FN:18,(anonymous_3)
FN:40,(anonymous_4)
FNF:5
FNH:4
FNDA:1,(anonymous_0)
FNDA:1,(anonymous_1)
FNDA:1,(anonymous_2)
FNDA:6,(anonymous_3)
FNDA:0,(anonymous_4)
DA:1,1
DA:2,1
DA:3,1
DA:4,0
DA:5,1
DA:7,1
DA:8,1
DA:14,1
DA:16,1
DA:19,6
DA:20,6
DA:21,6
DA:22,6
DA:23,6
DA:24,6
DA:25,6
DA:26,6
DA:28,0
DA:29,0
DA:30,0
DA:31,0
DA:33,0
DA:34,0
DA:37,0
DA:41,0
DA:42,0
DA:44,0
DA:47,1
LF:28
LH:17
BRDA:1,0,0,1
BRDA:1,0,1,0
BRDA:1,0,2,1
BRDA:2,1,0,1
BRDA:2,1,1,0
BRDA:2,2,0,0
BRDA:2,2,1,0
BRDA:3,3,0,1
BRDA:3,3,1,0
BRDA:3,4,0,1
BRDA:3,4,1,1
BRDA:4,5,0,0
BRDA:4,5,1,0
BRDA:4,6,0,0
BRDA:4,6,1,0
BRDA:4,7,0,0
BRDA:4,7,1,0
BRDA:4,8,0,0
BRDA:4,8,1,0
BRDA:5,9,0,1
BRDA:5,9,1,0
BRDA:5,9,2,0
BRDA:7,10,0,1
BRDA:7,10,1,0
BRDA:7,10,2,1
BRDA:8,11,0,1
BRDA:8,11,1,0
BRDA:8,12,0,1
BRDA:8,12,1,1
BRDA:19,13,0,6
BRDA:19,13,1,6
BRDA:20,14,0,6
BRDA:20,14,1,6
BRDA:21,15,0,6
BRDA:21,15,1,6
BRDA:22,16,0,6
BRDA:22,16,1,6
BRDA:24,17,0,6
BRDA:24,17,1,6
BRDA:24,17,2,6
BRDA:25,18,0,6
BRDA:25,18,1,0
BRDA:30,19,0,0
BRDA:30,19,1,0
BRDA:30,20,0,0
BRDA:30,20,1,0
BRDA:33,21,0,0
BRDA:33,21,1,0
BRDA:41,22,0,0
BRDA:41,22,1,0
BRDA:41,23,0,0
BRDA:41,23,1,0
BRDA:49,24,0,1
BRDA:49,24,1,1
BRDA:49,24,2,0
BRDA:49,25,0,1
BRDA:49,25,1,1
BRF:57
BRH:28
end_of_record
TN:
SF:C:\workspace\WS\WS_UNI_CMS\univ-cms\src\server\app\services\base.service.ts
FN:1,(anonymous_0)
FN:2,(anonymous_1)
FN:3,fulfilled
FN:4,rejected
FN:5,step
FN:5,(anonymous_5)
FN:11,(anonymous_6)
FN:14,(anonymous_7)
FN:15,(anonymous_8)
FN:27,(anonymous_9)
FN:28,(anonymous_10)
FN:40,(anonymous_11)
FN:41,(anonymous_12)
FN:46,(anonymous_13)
FN:49,(anonymous_14)
FN:52,(anonymous_15)
FNF:16
FNH:14
FNDA:3,(anonymous_0)
FNDA:3,(anonymous_1)
FNDA:3,fulfilled
FNDA:0,rejected
FNDA:6,step
FNDA:3,(anonymous_5)
FNDA:1,(anonymous_6)
FNDA:1,(anonymous_7)
FNDA:1,(anonymous_8)
FNDA:1,(anonymous_9)
FNDA:1,(anonymous_10)
FNDA:1,(anonymous_11)
FNDA:1,(anonymous_12)
FNDA:0,(anonymous_13)
FNDA:3,(anonymous_14)
FNDA:2,(anonymous_15)
DA:1,1
DA:2,3
DA:3,3
DA:4,0
DA:5,6
DA:6,3
DA:12,1
DA:15,1
DA:16,1
DA:17,1
DA:18,1
DA:19,1
DA:20,1
DA:23,0
DA:28,1
DA:29,1
DA:30,1
DA:31,1
DA:32,1
DA:35,0
DA:37,1
DA:41,1
DA:42,1
DA:43,1
DA:47,0
DA:50,3
DA:53,2
DA:54,2
DA:55,2
LF:29
LH:25
BRDA:1,0,0,1
BRDA:1,0,1,0
BRDA:1,0,2,1
BRDA:2,1,0,3
BRDA:2,1,1,3
BRDA:5,2,0,3
BRDA:5,2,1,3
BRDA:6,3,0,3
BRDA:6,3,1,3
BRF:9
BRH:8
end_of_record
TN:
SF:C:\workspace\WS\WS_UNI_CMS\univ-cms\src\server\app\services\page.service.ts
FN:1,(anonymous_0)
FN:7,(anonymous_1)
FN:10,(anonymous_2)
FN:11,(anonymous_3)
FN:12,fulfilled
FN:13,rejected
FN:14,step
FN:14,(anonymous_7)
FN:25,(anonymous_8)
FN:29,(anonymous_9)
FN:30,(anonymous_10)
FN:31,(anonymous_11)
FNF:12
FNH:11
FNDA:1,(anonymous_0)
FNDA:1,(anonymous_1)
FNDA:1,(anonymous_2)
FNDA:1,(anonymous_3)
FNDA:1,fulfilled
FNDA:0,rejected
FNDA:2,step
FNDA:1,(anonymous_7)
FNDA:1,(anonymous_8)
FNDA:1,(anonymous_9)
FNDA:1,(anonymous_10)
FNDA:1,(anonymous_11)
DA:1,1
DA:2,1
DA:3,1
DA:4,0
DA:5,1
DA:7,1
DA:8,1
DA:10,1
DA:11,1
DA:12,1
DA:13,0
DA:14,2
DA:15,1
DA:24,1
DA:26,1
DA:27,1
DA:30,1
DA:31,1
DA:32,1
DA:33,1
DA:34,0
DA:36,1
DA:37,1
DA:41,1
LF:24
LH:21
BRDA:1,0,0,1
BRDA:1,0,1,0
BRDA:1,0,2,1
BRDA:2,1,0,1
BRDA:2,1,1,0
BRDA:2,2,0,0
BRDA:2,2,1,0
BRDA:3,3,0,1
BRDA:3,3,1,0
BRDA:3,4,0,1
BRDA:3,4,1,1
BRDA:4,5,0,0
BRDA:4,5,1,0
BRDA:4,6,0,0
BRDA:4,6,1,0
BRDA:4,7,0,0
BRDA:4,7,1,0
BRDA:4,8,0,0
BRDA:4,8,1,0
BRDA:5,9,0,1
BRDA:5,9,1,0
BRDA:5,9,2,0
BRDA:7,10,0,1
BRDA:7,10,1,0
BRDA:7,10,2,1
BRDA:8,11,0,1
BRDA:8,11,1,0
BRDA:8,12,0,1
BRDA:8,12,1,1
BRDA:10,13,0,1
BRDA:10,13,1,0
BRDA:10,13,2,1
BRDA:11,14,0,1
BRDA:11,14,1,1
BRDA:14,15,0,1
BRDA:14,15,1,1
BRDA:15,16,0,1
BRDA:15,16,1,1
BRDA:33,17,0,0
BRDA:33,17,1,1
BRDA:43,18,0,1
BRDA:43,18,1,1
BRDA:43,18,2,0
BRDA:43,19,0,1
BRDA:43,19,1,1
BRF:45
BRH:25
end_of_record
TN:
SF:C:\workspace\WS\WS_UNI_CMS\univ-cms\src\server\app\services\service.module.ts
FN:1,(anonymous_0)
FNF:1
FNH:1
FNDA:1,(anonymous_0)
DA:1,1
DA:2,1
DA:3,1
DA:4,0
DA:5,1
DA:10,1
DA:13,1
DA:15,1
LF:8
LH:7
BRDA:1,0,0,1
BRDA:1,0,1,0
BRDA:1,0,2,1
BRDA:2,1,0,1
BRDA:2,1,1,0
BRDA:2,2,0,0
BRDA:2,2,1,0
BRDA:3,3,0,1
BRDA:3,3,1,0
BRDA:3,4,0,1
BRDA:3,4,1,1
BRDA:4,5,0,0
BRDA:4,5,1,0
BRDA:4,6,0,0
BRDA:4,6,1,0
BRDA:4,7,0,0
BRDA:4,7,1,0
BRDA:4,8,0,0
BRDA:4,8,1,0
BRDA:5,9,0,1
BRDA:5,9,1,0
BRDA:5,9,2,0
BRF:22
BRH:7
end_of_record
TN:
SF:C:\workspace\WS\WS_UNI_CMS\univ-cms\src\server\e2e\test-server.ts
FN:1,(anonymous_0)
FN:2,(anonymous_1)
FN:3,fulfilled
FN:4,rejected
FN:5,step
FN:5,(anonymous_5)
FN:17,(anonymous_6)
FN:18,(anonymous_7)
FN:30,(anonymous_8)
FN:33,(anonymous_9)
FN:36,(anonymous_10)
FNF:11
FNH:10
FNDA:1,(anonymous_0)
FNDA:1,(anonymous_1)
FNDA:2,fulfilled
FNDA:0,rejected
FNDA:3,step
FNDA:2,(anonymous_5)
FNDA:1,(anonymous_6)
FNDA:1,(anonymous_7)
FNDA:1,(anonymous_8)
FNDA:6,(anonymous_9)
FNDA:1,(anonymous_10)
DA:1,1
DA:2,1
DA:3,2
DA:4,0
DA:5,3
DA:6,1
DA:15,1
DA:18,1
DA:19,1
DA:20,1
DA:23,1
DA:24,1
DA:25,1
DA:26,1
DA:27,1
DA:31,1
DA:34,6
DA:37,1
DA:40,1
LF:19
LH:18
BRDA:1,0,0,1
BRDA:1,0,1,0
BRDA:1,0,2,1
BRDA:2,1,0,1
BRDA:2,1,1,1
BRDA:5,2,0,1
BRDA:5,2,1,2
BRDA:6,3,0,1
BRDA:6,3,1,1
BRF:9
BRH:8
end_of_record
TN:
SF:C:\workspace\WS\WS_UNI_CMS\univ-cms\src\server\e2e\mock\auth.service.mock.ts
FN:1,(anonymous_0)
FN:9,(anonymous_1)
FNF:2
FNH:2
FNDA:1,(anonymous_0)
FNDA:6,(anonymous_1)
DA:1,1
DA:2,1
DA:3,1
DA:4,0
DA:5,1
DA:8,1
DA:10,6
DA:11,6
DA:12,6
DA:14,6
DA:17,1
LF:11
LH:10
BRDA:1,0,0,1
BRDA:1,0,1,0
BRDA:1,0,2,1
BRDA:2,1,0,1
BRDA:2,1,1,0
BRDA:2,2,0,0
BRDA:2,2,1,0
BRDA:3,3,0,1
BRDA:3,3,1,0
BRDA:3,4,0,1
BRDA:3,4,1,1
BRDA:4,5,0,0
BRDA:4,5,1,0
BRDA:4,6,0,0
BRDA:4,6,1,0
BRDA:4,7,0,0
BRDA:4,7,1,0
BRDA:4,8,0,0
BRDA:4,8,1,0
BRDA:5,9,0,1
BRDA:5,9,1,0
BRDA:5,9,2,0
BRDA:11,10,0,6
BRDA:11,10,1,0
BRF:24
BRH:8
end_of_record
TN:
SF:C:\workspace\WS\WS_UNI_CMS\univ-cms\src\server\e2e\routes\page.controller.e2e-spec.ts
FN:1,(anonymous_0)
FN:2,(anonymous_1)
FN:3,fulfilled
FN:4,rejected
FN:5,step
FN:5,(anonymous_5)
FN:13,(anonymous_6)
FN:14,(anonymous_7)
FN:14,(anonymous_8)
FN:24,(anonymous_9)
FN:24,(anonymous_10)
FN:28,(anonymous_11)
FN:28,(anonymous_12)
FN:42,(anonymous_13)
FN:42,(anonymous_14)
FN:54,(anonymous_15)
FN:54,(anonymous_16)
FN:64,(anonymous_17)
FN:64,(anonymous_18)
FN:69,(anonymous_19)
FN:69,(anonymous_20)
FNF:21
FNH:20
FNDA:7,(anonymous_0)
FNDA:7,(anonymous_1)
FNDA:8,fulfilled
FNDA:0,rejected
FNDA:15,step
FNDA:8,(anonymous_5)
FNDA:1,(anonymous_6)
FNDA:1,(anonymous_7)
FNDA:1,(anonymous_8)
FNDA:1,(anonymous_9)
FNDA:1,(anonymous_10)
FNDA:1,(anonymous_11)
FNDA:1,(anonymous_12)
FNDA:1,(anonymous_13)
FNDA:1,(anonymous_14)
FNDA:1,(anonymous_15)
FNDA:1,(anonymous_16)
FNDA:1,(anonymous_17)
FNDA:1,(anonymous_18)
FNDA:1,(anonymous_19)
FNDA:1,(anonymous_20)
DA:1,1
DA:2,7
DA:3,8
DA:4,0
DA:5,15
DA:6,7
DA:9,1
DA:12,1
DA:13,1
DA:14,1
DA:15,1
DA:16,1
DA:17,1
DA:20,0
DA:21,0
DA:24,1
DA:25,1
DA:28,1
DA:29,1
DA:32,1
DA:35,1
DA:36,1
DA:37,1
DA:38,1
DA:39,1
DA:40,1
DA:42,1
DA:43,1
DA:44,1
DA:48,1
DA:49,1
DA:50,1
DA:51,1
DA:52,1
DA:54,1
DA:55,1
DA:57,1
DA:58,1
DA:59,1
DA:60,1
DA:61,1
DA:62,1
DA:64,1
DA:65,1
DA:67,1
DA:69,1
DA:70,1
DA:72,1
DA:74,1
LF:49
LH:46
BRDA:1,0,0,1
BRDA:1,0,1,0
BRDA:1,0,2,1
BRDA:2,1,0,7
BRDA:2,1,1,7
BRDA:5,2,0,7
BRDA:5,2,1,8
BRDA:6,3,0,7
BRDA:6,3,1,7
BRF:9
BRH:8
end_of_record
